        -:    0:Source:dominion.c
        -:    0:Graph:dominion.gcno
        -:    0:Data:dominion.gcda
        -:    0:Runs:12
        -:    0:Programs:12
        -:    1:#include "dominion.h"
        -:    2:#include "dominion_helpers.h"
        -:    3:#include "rngs.h"
        -:    4:#include <stdio.h>
        -:    5:#include <math.h>
        -:    6:#include <stdlib.h>
        -:    7:
function compare called 336 returned 100% blocks executed 83%
      336:    8:int compare(const void* a, const void* b) {
      336:    9:    if (*(int*)a > *(int*)b)
branch  0 taken 0% (fallthrough)
branch  1 taken 100%
    #####:   10:        return 1;
      336:   11:    if (*(int*)a < *(int*)b)
branch  0 taken 36% (fallthrough)
branch  1 taken 64%
      120:   12:        return -1;
      216:   13:    return 0;
        -:   14:}
        -:   15:
function newGame called 0 returned 0% blocks executed 0%
    #####:   16:struct gameState* newGame() {
    #####:   17:    struct gameState* g = malloc(sizeof(struct gameState));
    #####:   18:    return g;
        -:   19:}
        -:   20:
function kingdomCards called 0 returned 0% blocks executed 0%
    #####:   21:int* kingdomCards(int k1, int k2, int k3, int k4, int k5, int k6, int k7,
        -:   22:                  int k8, int k9, int k10) {
    #####:   23:    int* k = malloc(10 * sizeof(int));
    #####:   24:    k[0] = k1;
    #####:   25:    k[1] = k2;
    #####:   26:    k[2] = k3;
    #####:   27:    k[3] = k4;
    #####:   28:    k[4] = k5;
    #####:   29:    k[5] = k6;
    #####:   30:    k[6] = k7;
    #####:   31:    k[7] = k8;
    #####:   32:    k[8] = k9;
    #####:   33:    k[9] = k10;
    #####:   34:    return k;
        -:   35:}
        -:   36:
function initializeGame called 12 returned 100% blocks executed 83%
       12:   37:int initializeGame(int numPlayers, int kingdomCards[10], int randomSeed,
        -:   38:                   struct gameState *state) {
        -:   39:    int i;
        -:   40:    int j;
        -:   41:    int it;
        -:   42:
        -:   43:    //set up random number generator
       12:   44:    SelectStream(1);
call    0 returned 100%
       12:   45:    PutSeed((long)randomSeed);
call    0 returned 100%
        -:   46:
        -:   47:    //check number of players
       12:   48:    if (numPlayers > MAX_PLAYERS || numPlayers < 2)
branch  0 taken 100% (fallthrough)
branch  1 taken 0%
branch  2 taken 0% (fallthrough)
branch  3 taken 100%
        -:   49:    {
    #####:   50:        return -1;
        -:   51:    }
        -:   52:
        -:   53:    //set number of players
       12:   54:    state->numPlayers = numPlayers;
        -:   55:
        -:   56:    //check selected kingdom cards are different
      132:   57:    for (i = 0; i < 10; i++)
branch  0 taken 91%
branch  1 taken 9% (fallthrough)
        -:   58:    {
     1320:   59:        for (j = 0; j < 10; j++)
branch  0 taken 91%
branch  1 taken 9% (fallthrough)
        -:   60:        {
     1200:   61:            if (j != i && kingdomCards[j] == kingdomCards[i])
branch  0 taken 90% (fallthrough)
branch  1 taken 10%
branch  2 taken 0% (fallthrough)
branch  3 taken 100%
        -:   62:            {
    #####:   63:                return -1;
        -:   64:            }
        -:   65:        }
        -:   66:    }
        -:   67:
        -:   68:
        -:   69:    //initialize supply
        -:   70:    ///////////////////////////////
        -:   71:
        -:   72:    //set number of Curse cards
       12:   73:    if (numPlayers == 2)
branch  0 taken 100% (fallthrough)
branch  1 taken 0%
        -:   74:    {
       12:   75:        state->supplyCount[curse] = 10;
        -:   76:    }
    #####:   77:    else if (numPlayers == 3)
branch  0 never executed
branch  1 never executed
        -:   78:    {
    #####:   79:        state->supplyCount[curse] = 20;
        -:   80:    }
        -:   81:    else
        -:   82:    {
    #####:   83:        state->supplyCount[curse] = 30;
        -:   84:    }
        -:   85:
        -:   86:    //set number of Victory cards
       12:   87:    if (numPlayers == 2)
branch  0 taken 100% (fallthrough)
branch  1 taken 0%
        -:   88:    {
       12:   89:        state->supplyCount[estate] = 8;
       12:   90:        state->supplyCount[duchy] = 8;
       12:   91:        state->supplyCount[province] = 8;
        -:   92:    }
        -:   93:    else
        -:   94:    {
    #####:   95:        state->supplyCount[estate] = 12;
    #####:   96:        state->supplyCount[duchy] = 12;
    #####:   97:        state->supplyCount[province] = 12;
        -:   98:    }
        -:   99:
        -:  100:    //set number of Treasure cards
       12:  101:    state->supplyCount[copper] = 60 - (7 * numPlayers);
       12:  102:    state->supplyCount[silver] = 40;
       12:  103:    state->supplyCount[gold] = 30;
        -:  104:
        -:  105:    //set number of Kingdom cards
      252:  106:    for (i = adventurer; i <= treasure_map; i++)       	//loop all cards
branch  0 taken 95%
branch  1 taken 5% (fallthrough)
        -:  107:    {
     1980:  108:        for (j = 0; j < 10; j++)           		//loop chosen cards
branch  0 taken 94%
branch  1 taken 6% (fallthrough)
        -:  109:        {
     1860:  110:            if (kingdomCards[j] == i)
branch  0 taken 6% (fallthrough)
branch  1 taken 94%
        -:  111:            {
        -:  112:                //check if card is a 'Victory' Kingdom card
      120:  113:                if (kingdomCards[j] == great_hall || kingdomCards[j] == gardens)
branch  0 taken 100% (fallthrough)
branch  1 taken 0%
branch  2 taken 0% (fallthrough)
branch  3 taken 100%
        -:  114:                {
    #####:  115:                    if (numPlayers == 2) {
branch  0 never executed
branch  1 never executed
    #####:  116:                        state->supplyCount[i] = 8;
        -:  117:                    }
        -:  118:                    else {
    #####:  119:                        state->supplyCount[i] = 12;
        -:  120:                    }
        -:  121:                }
        -:  122:                else
        -:  123:                {
      120:  124:                    state->supplyCount[i] = 10;
        -:  125:                }
      120:  126:                break;
        -:  127:            }
        -:  128:            else    //card is not in the set choosen for the game
        -:  129:            {
     1740:  130:                state->supplyCount[i] = -1;
        -:  131:            }
        -:  132:        }
        -:  133:
        -:  134:    }
        -:  135:
        -:  136:    ////////////////////////
        -:  137:    //supply intilization complete
        -:  138:
        -:  139:    //set player decks
       36:  140:    for (i = 0; i < numPlayers; i++)
branch  0 taken 67%
branch  1 taken 33% (fallthrough)
        -:  141:    {
       24:  142:        state->deckCount[i] = 0;
       96:  143:        for (j = 0; j < 3; j++)
branch  0 taken 75%
branch  1 taken 25% (fallthrough)
        -:  144:        {
       72:  145:            state->deck[i][j] = estate;
       72:  146:            state->deckCount[i]++;
        -:  147:        }
      192:  148:        for (j = 3; j < 10; j++)
branch  0 taken 88%
branch  1 taken 13% (fallthrough)
        -:  149:        {
      168:  150:            state->deck[i][j] = copper;
      168:  151:            state->deckCount[i]++;
        -:  152:        }
        -:  153:    }
        -:  154:
        -:  155:    //shuffle player decks
       36:  156:    for (i = 0; i < numPlayers; i++)
branch  0 taken 67%
branch  1 taken 33% (fallthrough)
        -:  157:    {
       24:  158:        if ( shuffle(i, state) < 0 )
call    0 returned 100%
branch  1 taken 0% (fallthrough)
branch  2 taken 100%
        -:  159:        {
    #####:  160:            return -1;
        -:  161:        }
        -:  162:    }
        -:  163:
        -:  164:    //draw player hands
       36:  165:    for (i = 0; i < numPlayers; i++)
branch  0 taken 67%
branch  1 taken 33% (fallthrough)
        -:  166:    {
        -:  167:        //initialize hand size to zero
       24:  168:        state->handCount[i] = 0;
       24:  169:        state->discardCount[i] = 0;
        -:  170:        //draw 5 cards
        -:  171:        // for (j = 0; j < 5; j++)
        -:  172:        //	{
        -:  173:        //	  drawCard(i, state);
        -:  174:        //	}
        -:  175:    }
        -:  176:
        -:  177:    //set embargo tokens to 0 for all supply piles
      336:  178:    for (i = 0; i <= treasure_map; i++)
branch  0 taken 96%
branch  1 taken 4% (fallthrough)
        -:  179:    {
      324:  180:        state->embargoTokens[i] = 0;
        -:  181:    }
        -:  182:
        -:  183:    //initialize first player's turn
       12:  184:    state->outpostPlayed = 0;
       12:  185:    state->phase = 0;
       12:  186:    state->numActions = 1;
       12:  187:    state->numBuys = 1;
       12:  188:    state->playedCardCount = 0;
       12:  189:    state->whoseTurn = 0;
       12:  190:    state->handCount[state->whoseTurn] = 0;
        -:  191:    //int it; move to top
        -:  192:
        -:  193:    //Moved draw cards to here, only drawing at the start of a turn
       72:  194:    for (it = 0; it < 5; it++) {
branch  0 taken 83%
branch  1 taken 17% (fallthrough)
       60:  195:        drawCard(state->whoseTurn, state);
call    0 returned 100%
        -:  196:    }
        -:  197:
       12:  198:    updateCoins(state->whoseTurn, state, 0);
call    0 returned 100%
        -:  199:
       12:  200:    return 0;
        -:  201:}
        -:  202:
function shuffle called 24 returned 100% blocks executed 94%
       24:  203:int shuffle(int player, struct gameState *state) {
        -:  204:
        -:  205:
        -:  206:    int newDeck[MAX_DECK];
       24:  207:    int newDeckPos = 0;
        -:  208:    int card;
        -:  209:    int i;
        -:  210:
       24:  211:    if (state->deckCount[player] < 1)
branch  0 taken 0% (fallthrough)
branch  1 taken 100%
    #####:  212:        return -1;
       24:  213:    qsort ((void*)(state->deck[player]), state->deckCount[player], sizeof(int), compare);
call    0 returned 100%
        -:  214:    /* SORT CARDS IN DECK TO ENSURE DETERMINISM! */
        -:  215:
      288:  216:    while (state->deckCount[player] > 0) {
branch  0 taken 91%
branch  1 taken 9% (fallthrough)
      240:  217:        card = floor(Random() * state->deckCount[player]);
call    0 returned 100%
      240:  218:        newDeck[newDeckPos] = state->deck[player][card];
      240:  219:        newDeckPos++;
      840:  220:        for (i = card; i < state->deckCount[player]-1; i++) {
branch  0 taken 71%
branch  1 taken 29% (fallthrough)
      600:  221:            state->deck[player][i] = state->deck[player][i+1];
        -:  222:        }
      240:  223:        state->deckCount[player]--;
        -:  224:    }
      264:  225:    for (i = 0; i < newDeckPos; i++) {
branch  0 taken 91%
branch  1 taken 9% (fallthrough)
      240:  226:        state->deck[player][i] = newDeck[i];
      240:  227:        state->deckCount[player]++;
        -:  228:    }
        -:  229:
       24:  230:    return 0;
        -:  231:}
        -:  232:
function playCard called 0 returned 0% blocks executed 0%
    #####:  233:int playCard(int handPos, int choice1, int choice2, int choice3, struct gameState *state)
        -:  234:{
        -:  235:    int card;
    #####:  236:    int coin_bonus = 0; 		//tracks coins gain from actions
        -:  237:
        -:  238:    //check if it is the right phase
    #####:  239:    if (state->phase != 0)
branch  0 never executed
branch  1 never executed
        -:  240:    {
    #####:  241:        return -1;
        -:  242:    }
        -:  243:
        -:  244:    //check if player has enough actions
    #####:  245:    if ( state->numActions < 1 )
branch  0 never executed
branch  1 never executed
        -:  246:    {
    #####:  247:        return -1;
        -:  248:    }
        -:  249:
        -:  250:    //get card played
    #####:  251:    card = handCard(handPos, state);
call    0 never executed
        -:  252:
        -:  253:    //check if selected card is an action
    #####:  254:    if ( card < adventurer || card > treasure_map )
branch  0 never executed
branch  1 never executed
branch  2 never executed
branch  3 never executed
        -:  255:    {
    #####:  256:        return -1;
        -:  257:    }
        -:  258:
        -:  259:    //play card
    #####:  260:    if ( cardEffect(card, choice1, choice2, choice3, state, handPos, &coin_bonus) < 0 )
call    0 never executed
branch  1 never executed
branch  2 never executed
        -:  261:    {
    #####:  262:        return -1;
        -:  263:    }
        -:  264:
        -:  265:    //reduce number of actions
    #####:  266:    state->numActions--;
        -:  267:
        -:  268:    //update coins (Treasure cards may be added with card draws)
    #####:  269:    updateCoins(state->whoseTurn, state, coin_bonus);
call    0 never executed
        -:  270:
    #####:  271:    return 0;
        -:  272:}
        -:  273:
function buyCard called 0 returned 0% blocks executed 0%
    #####:  274:int buyCard(int supplyPos, struct gameState *state) {
        -:  275:    int who;
        -:  276:    if (DEBUG) {
        -:  277:        printf("Entering buyCard...\n");
        -:  278:    }
        -:  279:
        -:  280:    // I don't know what to do about the phase thing.
        -:  281:
    #####:  282:    who = state->whoseTurn;
        -:  283:
    #####:  284:    if (state->numBuys < 1) {
branch  0 never executed
branch  1 never executed
        -:  285:        if (DEBUG)
        -:  286:            printf("You do not have any buys left\n");
    #####:  287:        return -1;
    #####:  288:    } else if (supplyCount(supplyPos, state) <1) {
call    0 never executed
branch  1 never executed
branch  2 never executed
        -:  289:        if (DEBUG)
        -:  290:            printf("There are not any of that type of card left\n");
    #####:  291:        return -1;
    #####:  292:    } else if (state->coins < getCost(supplyPos)) {
call    0 never executed
branch  1 never executed
branch  2 never executed
        -:  293:        if (DEBUG)
        -:  294:            printf("You do not have enough money to buy that. You have %d coins.\n", state->coins);
    #####:  295:        return -1;
        -:  296:    } else {
    #####:  297:        state->phase=1;
        -:  298:        //state->supplyCount[supplyPos]--;
    #####:  299:        gainCard(supplyPos, state, 0, who); //card goes in discard, this might be wrong.. (2 means goes into hand, 0 goes into discard)
call    0 never executed
        -:  300:
    #####:  301:        state->coins = (state->coins) - (getCost(supplyPos));
call    0 never executed
    #####:  302:        state->numBuys--;
        -:  303:        if (DEBUG)
        -:  304:            printf("You bought card number %d for %d coins. You now have %d buys and %d coins.\n", supplyPos, getCost(supplyPos), state->numBuys, state->coins);
        -:  305:    }
        -:  306:
        -:  307:    //state->discard[who][state->discardCount[who]] = supplyPos;
        -:  308:    //state->discardCount[who]++;
        -:  309:
    #####:  310:    return 0;
        -:  311:}
        -:  312:
function numHandCards called 0 returned 0% blocks executed 0%
    #####:  313:int numHandCards(struct gameState *state) {
    #####:  314:    return state->handCount[ whoseTurn(state) ];
call    0 never executed
        -:  315:}
        -:  316:
function handCard called 0 returned 0% blocks executed 0%
    #####:  317:int handCard(int handPos, struct gameState *state) {
    #####:  318:    int currentPlayer = whoseTurn(state);
call    0 never executed
    #####:  319:    return state->hand[currentPlayer][handPos];
        -:  320:}
        -:  321:
function supplyCount called 10 returned 100% blocks executed 100%
       10:  322:int supplyCount(int card, struct gameState *state) {
       10:  323:    return state->supplyCount[card];
        -:  324:}
        -:  325:
function fullDeckCount called 0 returned 0% blocks executed 0%
    #####:  326:int fullDeckCount(int player, int card, struct gameState *state) {
        -:  327:    int i;
    #####:  328:    int count = 0;
        -:  329:
    #####:  330:    for (i = 0; i < state->deckCount[player]; i++)
branch  0 never executed
branch  1 never executed
        -:  331:    {
    #####:  332:        if (state->deck[player][i] == card) count++;
branch  0 never executed
branch  1 never executed
        -:  333:    }
        -:  334:
    #####:  335:    for (i = 0; i < state->handCount[player]; i++)
branch  0 never executed
branch  1 never executed
        -:  336:    {
    #####:  337:        if (state->hand[player][i] == card) count++;
branch  0 never executed
branch  1 never executed
        -:  338:    }
        -:  339:
    #####:  340:    for (i = 0; i < state->discardCount[player]; i++)
branch  0 never executed
branch  1 never executed
        -:  341:    {
    #####:  342:        if (state->discard[player][i] == card) count++;
branch  0 never executed
branch  1 never executed
        -:  343:    }
        -:  344:
    #####:  345:    return count;
        -:  346:}
        -:  347:
function whoseTurn called 12 returned 100% blocks executed 100%
       12:  348:int whoseTurn(struct gameState *state) {
       12:  349:    return state->whoseTurn;
        -:  350:}
        -:  351:
function endTurn called 0 returned 0% blocks executed 0%
    #####:  352:int endTurn(struct gameState *state) {
        -:  353:    int k;
        -:  354:    int i;
    #####:  355:    int currentPlayer = whoseTurn(state);
call    0 never executed
        -:  356:
        -:  357:    //Discard hand
    #####:  358:    for (i = 0; i < state->handCount[currentPlayer]; i++) {
branch  0 never executed
branch  1 never executed
    #####:  359:        state->discard[currentPlayer][state->discardCount[currentPlayer]++] = state->hand[currentPlayer][i];//Discard
    #####:  360:        state->hand[currentPlayer][i] = -1;//Set card to -1
        -:  361:    }
    #####:  362:    state->handCount[currentPlayer] = 0;//Reset hand count
        -:  363:
        -:  364:    //Code for determining the player
    #####:  365:    if (currentPlayer < (state->numPlayers - 1)) {
branch  0 never executed
branch  1 never executed
    #####:  366:        state->whoseTurn = currentPlayer + 1;//Still safe to increment
        -:  367:    }
        -:  368:    else {
    #####:  369:        state->whoseTurn = 0;//Max player has been reached, loop back around to player 1
        -:  370:    }
        -:  371:
    #####:  372:    state->outpostPlayed = 0;
    #####:  373:    state->phase = 0;
    #####:  374:    state->numActions = 1;
    #####:  375:    state->coins = 0;
    #####:  376:    state->numBuys = 1;
    #####:  377:    state->playedCardCount = 0;
    #####:  378:    state->handCount[state->whoseTurn] = 0;
        -:  379:
        -:  380:    //int k; move to top
        -:  381:    //Next player draws hand
    #####:  382:    for (k = 0; k < 5; k++) {
branch  0 never executed
branch  1 never executed
    #####:  383:        drawCard(state->whoseTurn, state);//Draw a card
call    0 never executed
        -:  384:    }
        -:  385:
        -:  386:    //Update money
    #####:  387:    updateCoins(state->whoseTurn, state, 0);
call    0 never executed
        -:  388:
    #####:  389:    return 0;
        -:  390:}
        -:  391:
function isGameOver called 0 returned 0% blocks executed 0%
    #####:  392:int isGameOver(struct gameState *state) {
        -:  393:    int i;
        -:  394:    int j;
        -:  395:
        -:  396:    //if stack of Province cards is empty, the game ends
    #####:  397:    if (state->supplyCount[province] == 0)
branch  0 never executed
branch  1 never executed
        -:  398:    {
    #####:  399:        return 1;
        -:  400:    }
        -:  401:
        -:  402:    //if three supply pile are at 0, the game ends
    #####:  403:    j = 0;
    #####:  404:    for (i = 0; i < 25; i++)
branch  0 never executed
branch  1 never executed
        -:  405:    {
    #####:  406:        if (state->supplyCount[i] == 0)
branch  0 never executed
branch  1 never executed
        -:  407:        {
    #####:  408:            j++;
        -:  409:        }
        -:  410:    }
    #####:  411:    if ( j >= 3)
branch  0 never executed
branch  1 never executed
        -:  412:    {
    #####:  413:        return 1;
        -:  414:    }
        -:  415:
    #####:  416:    return 0;
        -:  417:}
        -:  418:
function scoreFor called 0 returned 0% blocks executed 0%
    #####:  419:int scoreFor (int player, struct gameState *state) {
        -:  420:
        -:  421:    int i;
    #####:  422:    int score = 0;
        -:  423:    //score from hand
    #####:  424:    for (i = 0; i < state->handCount[player]; i++)
branch  0 never executed
branch  1 never executed
        -:  425:    {
    #####:  426:        if (state->hand[player][i] == curse) {
branch  0 never executed
branch  1 never executed
    #####:  427:            score = score - 1;
        -:  428:        };
    #####:  429:        if (state->hand[player][i] == estate) {
branch  0 never executed
branch  1 never executed
    #####:  430:            score = score + 1;
        -:  431:        };
    #####:  432:        if (state->hand[player][i] == duchy) {
branch  0 never executed
branch  1 never executed
    #####:  433:            score = score + 3;
        -:  434:        };
    #####:  435:        if (state->hand[player][i] == province) {
branch  0 never executed
branch  1 never executed
    #####:  436:            score = score + 6;
        -:  437:        };
    #####:  438:        if (state->hand[player][i] == great_hall) {
branch  0 never executed
branch  1 never executed
    #####:  439:            score = score + 1;
        -:  440:        };
    #####:  441:        if (state->hand[player][i] == gardens) {
branch  0 never executed
branch  1 never executed
    #####:  442:            score = score + ( fullDeckCount(player, 0, state) / 10 );
call    0 never executed
        -:  443:        };
        -:  444:    }
        -:  445:
        -:  446:    //score from discard
    #####:  447:    for (i = 0; i < state->discardCount[player]; i++)
branch  0 never executed
branch  1 never executed
        -:  448:    {
    #####:  449:        if (state->discard[player][i] == curse) {
branch  0 never executed
branch  1 never executed
    #####:  450:            score = score - 1;
        -:  451:        };
    #####:  452:        if (state->discard[player][i] == estate) {
branch  0 never executed
branch  1 never executed
    #####:  453:            score = score + 1;
        -:  454:        };
    #####:  455:        if (state->discard[player][i] == duchy) {
branch  0 never executed
branch  1 never executed
    #####:  456:            score = score + 3;
        -:  457:        };
    #####:  458:        if (state->discard[player][i] == province) {
branch  0 never executed
branch  1 never executed
    #####:  459:            score = score + 6;
        -:  460:        };
    #####:  461:        if (state->discard[player][i] == great_hall) {
branch  0 never executed
branch  1 never executed
    #####:  462:            score = score + 1;
        -:  463:        };
    #####:  464:        if (state->discard[player][i] == gardens) {
branch  0 never executed
branch  1 never executed
    #####:  465:            score = score + ( fullDeckCount(player, 0, state) / 10 );
call    0 never executed
        -:  466:        };
        -:  467:    }
        -:  468:
        -:  469:    //score from deck
    #####:  470:    for (i = 0; i < state->discardCount[player]; i++)
branch  0 never executed
branch  1 never executed
        -:  471:    {
    #####:  472:        if (state->deck[player][i] == curse) {
branch  0 never executed
branch  1 never executed
    #####:  473:            score = score - 1;
        -:  474:        };
    #####:  475:        if (state->deck[player][i] == estate) {
branch  0 never executed
branch  1 never executed
    #####:  476:            score = score + 1;
        -:  477:        };
    #####:  478:        if (state->deck[player][i] == duchy) {
branch  0 never executed
branch  1 never executed
    #####:  479:            score = score + 3;
        -:  480:        };
    #####:  481:        if (state->deck[player][i] == province) {
branch  0 never executed
branch  1 never executed
    #####:  482:            score = score + 6;
        -:  483:        };
    #####:  484:        if (state->deck[player][i] == great_hall) {
branch  0 never executed
branch  1 never executed
    #####:  485:            score = score + 1;
        -:  486:        };
    #####:  487:        if (state->deck[player][i] == gardens) {
branch  0 never executed
branch  1 never executed
    #####:  488:            score = score + ( fullDeckCount(player, 0, state) / 10 );
call    0 never executed
        -:  489:        };
        -:  490:    }
        -:  491:
    #####:  492:    return score;
        -:  493:}
        -:  494:
function getWinners called 0 returned 0% blocks executed 0%
    #####:  495:int getWinners(int players[MAX_PLAYERS], struct gameState *state) {
        -:  496:    int i;
        -:  497:    int j;
        -:  498:    int highScore;
        -:  499:    int currentPlayer;
        -:  500:
        -:  501:    //get score for each player
    #####:  502:    for (i = 0; i < MAX_PLAYERS; i++)
branch  0 never executed
branch  1 never executed
        -:  503:    {
        -:  504:        //set unused player scores to -9999
    #####:  505:        if (i >= state->numPlayers)
branch  0 never executed
branch  1 never executed
        -:  506:        {
    #####:  507:            players[i] = -9999;
        -:  508:        }
        -:  509:        else
        -:  510:        {
    #####:  511:            players[i] = scoreFor (i, state);
call    0 never executed
        -:  512:        }
        -:  513:    }
        -:  514:
        -:  515:    //find highest score
    #####:  516:    j = 0;
    #####:  517:    for (i = 0; i < MAX_PLAYERS; i++)
branch  0 never executed
branch  1 never executed
        -:  518:    {
    #####:  519:        if (players[i] > players[j])
branch  0 never executed
branch  1 never executed
        -:  520:        {
    #####:  521:            j = i;
        -:  522:        }
        -:  523:    }
    #####:  524:    highScore = players[j];
        -:  525:
        -:  526:    //add 1 to players who had less turns
    #####:  527:    currentPlayer = whoseTurn(state);
call    0 never executed
    #####:  528:    for (i = 0; i < MAX_PLAYERS; i++)
branch  0 never executed
branch  1 never executed
        -:  529:    {
    #####:  530:        if ( players[i] == highScore && i > currentPlayer )
branch  0 never executed
branch  1 never executed
branch  2 never executed
branch  3 never executed
        -:  531:        {
    #####:  532:            players[i]++;
        -:  533:        }
        -:  534:    }
        -:  535:
        -:  536:    //find new highest score
    #####:  537:    j = 0;
    #####:  538:    for (i = 0; i < MAX_PLAYERS; i++)
branch  0 never executed
branch  1 never executed
        -:  539:    {
    #####:  540:        if ( players[i] > players[j] )
branch  0 never executed
branch  1 never executed
        -:  541:        {
    #####:  542:            j = i;
        -:  543:        }
        -:  544:    }
    #####:  545:    highScore = players[j];
        -:  546:
        -:  547:    //set winners in array to 1 and rest to 0
    #####:  548:    for (i = 0; i < MAX_PLAYERS; i++)
branch  0 never executed
branch  1 never executed
        -:  549:    {
    #####:  550:        if ( players[i] == highScore )
branch  0 never executed
branch  1 never executed
        -:  551:        {
    #####:  552:            players[i] = 1;
        -:  553:        }
        -:  554:        else
        -:  555:        {
    #####:  556:            players[i] = 0;
        -:  557:        }
        -:  558:    }
        -:  559:
    #####:  560:    return 0;
        -:  561:}
        -:  562:
function drawCard called 60 returned 100% blocks executed 38%
       60:  563:int drawCard(int player, struct gameState *state)
        -:  564:{   int count;
        -:  565:    int deckCounter;
       60:  566:    if (state->deckCount[player] <= 0) { //Deck is empty
branch  0 taken 0% (fallthrough)
branch  1 taken 100%
        -:  567:
        -:  568:        //Step 1 Shuffle the discard pile back into a deck
        -:  569:        int i;
        -:  570:        //Move discard to deck
    #####:  571:        for (i = 0; i < state->discardCount[player]; i++) {
branch  0 never executed
branch  1 never executed
    #####:  572:            state->deck[player][i] = state->discard[player][i];
    #####:  573:            state->discard[player][i] = -1;
        -:  574:        }
        -:  575:
    #####:  576:        state->deckCount[player] = state->discardCount[player];
    #####:  577:        state->discardCount[player] = 0;//Reset discard
        -:  578:
        -:  579:        //Shufffle the deck
    #####:  580:        shuffle(player, state);//Shuffle the deck up and make it so that we can draw
call    0 never executed
        -:  581:
        -:  582:        if (DEBUG) { //Debug statements
        -:  583:            printf("Deck count now: %d\n", state->deckCount[player]);
        -:  584:        }
        -:  585:
    #####:  586:        state->discardCount[player] = 0;
        -:  587:
        -:  588:        //Step 2 Draw Card
    #####:  589:        count = state->handCount[player];//Get current player's hand count
        -:  590:
        -:  591:        if (DEBUG) { //Debug statements
        -:  592:            printf("Current hand count: %d\n", count);
        -:  593:        }
        -:  594:
    #####:  595:        deckCounter = state->deckCount[player];//Create a holder for the deck count
        -:  596:
    #####:  597:        if (deckCounter == 0)
branch  0 never executed
branch  1 never executed
    #####:  598:            return -1;
        -:  599:
    #####:  600:        state->hand[player][count] = state->deck[player][deckCounter - 1];//Add card to hand
    #####:  601:        state->deckCount[player]--;
    #####:  602:        state->handCount[player]++;//Increment hand count
        -:  603:    }
        -:  604:
        -:  605:    else {
       60:  606:        int count = state->handCount[player];//Get current hand count for player
        -:  607:        int deckCounter;
        -:  608:        if (DEBUG) { //Debug statements
        -:  609:            printf("Current hand count: %d\n", count);
        -:  610:        }
        -:  611:
       60:  612:        deckCounter = state->deckCount[player];//Create holder for the deck count
       60:  613:        state->hand[player][count] = state->deck[player][deckCounter - 1];//Add card to the hand
       60:  614:        state->deckCount[player]--;
       60:  615:        state->handCount[player]++;//Increment hand count
        -:  616:    }
        -:  617:
       60:  618:    return 0;
        -:  619:}
        -:  620:
function getCost called 28 returned 100% blocks executed 13%
       28:  621:int getCost(int cardNumber)
        -:  622:{
       28:  623:    switch( cardNumber )
branch  0 taken 0%
branch  1 taken 0%
branch  2 taken 0%
branch  3 taken 0%
branch  4 taken 46%
branch  5 taken 54%
branch  6 taken 0%
branch  7 taken 0%
branch  8 taken 0%
branch  9 taken 0%
branch 10 taken 0%
branch 11 taken 0%
branch 12 taken 0%
branch 13 taken 0%
branch 14 taken 0%
branch 15 taken 0%
branch 16 taken 0%
branch 17 taken 0%
branch 18 taken 0%
branch 19 taken 0%
branch 20 taken 0%
branch 21 taken 0%
branch 22 taken 0%
branch 23 taken 0%
branch 24 taken 0%
branch 25 taken 0%
branch 26 taken 0%
branch 27 taken 0%
        -:  624:    {
    #####:  625:    case curse:
    #####:  626:        return 0;
    #####:  627:    case estate:
    #####:  628:        return 2;
    #####:  629:    case duchy:
    #####:  630:        return 5;
    #####:  631:    case province:
    #####:  632:        return 8;
       13:  633:    case copper:
       13:  634:        return 0;
       15:  635:    case silver:
       15:  636:        return 3;
    #####:  637:    case gold:
    #####:  638:        return 6;
    #####:  639:    case adventurer:
    #####:  640:        return 6;
    #####:  641:    case council_room:
    #####:  642:        return 5;
    #####:  643:    case feast:
    #####:  644:        return 4;
    #####:  645:    case gardens:
    #####:  646:        return 4;
    #####:  647:    case mine:
    #####:  648:        return 5;
    #####:  649:    case remodel:
    #####:  650:        return 4;
    #####:  651:    case smithy:
    #####:  652:        return 4;
    #####:  653:    case village:
    #####:  654:        return 3;
    #####:  655:    case baron:
    #####:  656:        return 4;
    #####:  657:    case great_hall:
    #####:  658:        return 3;
    #####:  659:    case minion:
    #####:  660:        return 5;
    #####:  661:    case steward:
    #####:  662:        return 3;
    #####:  663:    case tribute:
    #####:  664:        return 5;
    #####:  665:    case ambassador:
    #####:  666:        return 3;
    #####:  667:    case cutpurse:
    #####:  668:        return 4;
    #####:  669:    case embargo:
    #####:  670:        return 2;
    #####:  671:    case outpost:
    #####:  672:        return 5;
    #####:  673:    case salvager:
    #####:  674:        return 4;
    #####:  675:    case sea_hag:
    #####:  676:        return 4;
    #####:  677:    case treasure_map:
    #####:  678:        return 4;
        -:  679:    }
        -:  680:
    #####:  681:    return -1;
        -:  682:}
        -:  683:
function cardEffect called 12 returned 100% blocks executed 8%
       12:  684:int cardEffect(int card, int choice1, int choice2, int choice3, struct gameState *state, int handPos, int *bonus)
        -:  685:{
        -:  686:    int i;
        -:  687:    int j;
        -:  688:    int k;
        -:  689:    int x;
        -:  690:    int index;
       12:  691:    int currentPlayer = whoseTurn(state);
call    0 returned 100%
       12:  692:    int nextPlayer = currentPlayer + 1;
        -:  693:
       12:  694:    int tributeRevealedCards[2] = {-1, -1};
        -:  695:    int temphand[MAX_HAND];// moved above the if statement
       12:  696:    int drawntreasure=0;
        -:  697:    int cardDrawn;
       12:  698:    int z = 0;// this is the counter for the temp hand
       12:  699:    if (nextPlayer > (state->numPlayers - 1)) {
branch  0 taken 0% (fallthrough)
branch  1 taken 100%
    #####:  700:        nextPlayer = 0;
        -:  701:    }
        -:  702:
        -:  703:
        -:  704:    //uses switch to select card and perform actions
       12:  705:    switch( card )
branch  0 taken 0%
branch  1 taken 0%
branch  2 taken 0%
branch  3 taken 0%
branch  4 taken 100%
branch  5 taken 0%
branch  6 taken 0%
branch  7 taken 0%
branch  8 taken 0%
branch  9 taken 0%
branch 10 taken 0%
branch 11 taken 0%
branch 12 taken 0%
branch 13 taken 0%
branch 14 taken 0%
branch 15 taken 0%
branch 16 taken 0%
branch 17 taken 0%
branch 18 taken 0%
branch 19 taken 0%
branch 20 taken 0%
        -:  706:    {
    #####:  707:    case adventurer:
    #####:  708:        while(drawntreasure<2) {
branch  0 never executed
branch  1 never executed
    #####:  709:            if (state->deckCount[currentPlayer] <1) { //if the deck is empty we need to shuffle discard and add to deck
branch  0 never executed
branch  1 never executed
    #####:  710:                shuffle(currentPlayer, state);
call    0 never executed
        -:  711:            }
    #####:  712:            drawCard(currentPlayer, state);
call    0 never executed
    #####:  713:            cardDrawn = state->hand[currentPlayer][state->handCount[currentPlayer]-1];//top card of hand is most recently drawn card.
    #####:  714:            if (cardDrawn == copper || cardDrawn == silver || cardDrawn == gold)
branch  0 never executed
branch  1 never executed
branch  2 never executed
branch  3 never executed
branch  4 never executed
branch  5 never executed
    #####:  715:                drawntreasure++;
        -:  716:            else {
    #####:  717:                temphand[z]=cardDrawn;
    #####:  718:                state->handCount[currentPlayer]--; //this should just remove the top card (the most recently drawn one).
    #####:  719:                z++;
        -:  720:            }
        -:  721:        }
    #####:  722:        while(z-1>=0) {
branch  0 never executed
branch  1 never executed
    #####:  723:            state->discard[currentPlayer][state->discardCount[currentPlayer]++]=temphand[z-1]; // discard all cards in play that have been drawn
    #####:  724:            z=z-1;
        -:  725:        }
    #####:  726:        return 0;
        -:  727:
    #####:  728:    case council_room:
        -:  729:        //+4 Cards
    #####:  730:        for (i = 0; i < 4; i++)
branch  0 never executed
branch  1 never executed
        -:  731:        {
    #####:  732:            drawCard(currentPlayer, state);
call    0 never executed
        -:  733:        }
        -:  734:
        -:  735:        //+1 Buy
    #####:  736:        state->numBuys++;
        -:  737:
        -:  738:        //Each other player draws a card
    #####:  739:        for (i = 0; i < state->numPlayers; i++)
branch  0 never executed
branch  1 never executed
        -:  740:        {
    #####:  741:            if ( i != currentPlayer )
branch  0 never executed
branch  1 never executed
        -:  742:            {
    #####:  743:                drawCard(i, state);
call    0 never executed
        -:  744:            }
        -:  745:        }
        -:  746:
        -:  747:        //put played card in played card pile
    #####:  748:        discardCard(handPos, currentPlayer, state, 0);
call    0 never executed
        -:  749:
    #####:  750:        return 0;
        -:  751:
    #####:  752:    case feast:
        -:  753:        //gain card with cost up to 5
        -:  754:        //Backup hand
    #####:  755:        for (i = 0; i <= state->handCount[currentPlayer]; i++) {
branch  0 never executed
branch  1 never executed
    #####:  756:            temphand[i] = state->hand[currentPlayer][i];//Backup card
    #####:  757:            state->hand[currentPlayer][i] = -1;//Set to nothing
        -:  758:        }
        -:  759:        //Backup hand
        -:  760:
        -:  761:        //Update Coins for Buy
    #####:  762:        updateCoins(currentPlayer, state, 5);
call    0 never executed
    #####:  763:        x = 1;//Condition to loop on
    #####:  764:        while( x == 1) {//Buy one card
branch  0 never executed
branch  1 never executed
    #####:  765:            if (supplyCount(choice1, state) <= 0) {
call    0 never executed
branch  1 never executed
branch  2 never executed
        -:  766:                if (DEBUG)
        -:  767:                    printf("None of that card left, sorry!\n");
        -:  768:
        -:  769:                if (DEBUG) {
        -:  770:                    printf("Cards Left: %d\n", supplyCount(choice1, state));
        -:  771:                }
        -:  772:            }
    #####:  773:            else if (state->coins < getCost(choice1)) {
call    0 never executed
branch  1 never executed
branch  2 never executed
    #####:  774:                printf("That card is too expensive!\n");
call    0 never executed
        -:  775:
        -:  776:                if (DEBUG) {
        -:  777:                    printf("Coins: %d < %d\n", state->coins, getCost(choice1));
        -:  778:                }
        -:  779:            }
        -:  780:            else {
        -:  781:
        -:  782:                if (DEBUG) {
        -:  783:                    printf("Deck Count: %d\n", state->handCount[currentPlayer] + state->deckCount[currentPlayer] + state->discardCount[currentPlayer]);
        -:  784:                }
        -:  785:
    #####:  786:                gainCard(choice1, state, 0, currentPlayer);//Gain the card
call    0 never executed
    #####:  787:                x = 0;//No more buying cards
        -:  788:
        -:  789:                if (DEBUG) {
        -:  790:                    printf("Deck Count: %d\n", state->handCount[currentPlayer] + state->deckCount[currentPlayer] + state->discardCount[currentPlayer]);
        -:  791:                }
        -:  792:
        -:  793:            }
        -:  794:        }
        -:  795:
        -:  796:        //Reset Hand
    #####:  797:        for (i = 0; i <= state->handCount[currentPlayer]; i++) {
branch  0 never executed
branch  1 never executed
    #####:  798:            state->hand[currentPlayer][i] = temphand[i];
    #####:  799:            temphand[i] = -1;
        -:  800:        }
        -:  801:        //Reset Hand
        -:  802:
    #####:  803:        return 0;
        -:  804:
    #####:  805:    case gardens:
    #####:  806:        return -1;
        -:  807:
       12:  808:    case mine:
       12:  809:        j = state->hand[currentPlayer][choice1];  //store card we will trash
        -:  810:
       12:  811:        if (state->hand[currentPlayer][choice1] < copper || state->hand[currentPlayer][choice1] > gold)
branch  0 taken 100% (fallthrough)
branch  1 taken 0%
branch  2 taken 0% (fallthrough)
branch  3 taken 100%
        -:  812:        {
    #####:  813:            return -1;
        -:  814:        }
        -:  815:
       12:  816:        if (choice2 > treasure_map || choice2 < curse)
branch  0 taken 100% (fallthrough)
branch  1 taken 0%
branch  2 taken 0% (fallthrough)
branch  3 taken 100%
        -:  817:        {
    #####:  818:            return -1;
        -:  819:        }
        -:  820:
       12:  821:        if ( (getCost(state->hand[currentPlayer][choice1]) + 3) > getCost(choice2) )
call    0 returned 100%
call    1 returned 100%
branch  2 taken 17% (fallthrough)
branch  3 taken 83%
        -:  822:        {
        2:  823:            return -1;
        -:  824:        }
        -:  825:
       10:  826:        gainCard(choice2, state, 2, currentPlayer);
call    0 returned 100%
        -:  827:
        -:  828:        //discard card from hand
       10:  829:        discardCard(handPos, currentPlayer, state, 0);
call    0 returned 100%
        -:  830:
        -:  831:        //discard trashed card
       10:  832:        for (i = 0; i < state->handCount[currentPlayer]; i++)
branch  0 taken 100%
branch  1 taken 0% (fallthrough)
        -:  833:        {
       10:  834:            if (state->hand[currentPlayer][i] == j)
branch  0 taken 100% (fallthrough)
branch  1 taken 0%
        -:  835:            {
       10:  836:                discardCard(i, currentPlayer, state, 0);
call    0 returned 100%
       10:  837:                break;
        -:  838:            }
        -:  839:        }
        -:  840:
       10:  841:        return 0;
        -:  842:
    #####:  843:    case remodel:
    #####:  844:        j = state->hand[currentPlayer][choice1];  //store card we will trash
        -:  845:
    #####:  846:        if ( (getCost(state->hand[currentPlayer][choice1]) + 2) > getCost(choice2) )
call    0 never executed
call    1 never executed
branch  2 never executed
branch  3 never executed
        -:  847:        {
    #####:  848:            return -1;
        -:  849:        }
        -:  850:
    #####:  851:        gainCard(choice2, state, 0, currentPlayer);
call    0 never executed
        -:  852:
        -:  853:        //discard card from hand
    #####:  854:        discardCard(handPos, currentPlayer, state, 0);
call    0 never executed
        -:  855:
        -:  856:        //discard trashed card
    #####:  857:        for (i = 0; i < state->handCount[currentPlayer]; i++)
branch  0 never executed
branch  1 never executed
        -:  858:        {
    #####:  859:            if (state->hand[currentPlayer][i] == j)
branch  0 never executed
branch  1 never executed
        -:  860:            {
    #####:  861:                discardCard(i, currentPlayer, state, 0);
call    0 never executed
    #####:  862:                break;
        -:  863:            }
        -:  864:        }
        -:  865:
        -:  866:
    #####:  867:        return 0;
        -:  868:
    #####:  869:    case smithy:
        -:  870:        //+3 Cards
    #####:  871:        for (i = 0; i < 3; i++)
branch  0 never executed
branch  1 never executed
        -:  872:        {
    #####:  873:            drawCard(currentPlayer, state);
call    0 never executed
        -:  874:        }
        -:  875:
        -:  876:        //discard card from hand
    #####:  877:        discardCard(handPos, currentPlayer, state, 0);
call    0 never executed
    #####:  878:        return 0;
        -:  879:
    #####:  880:    case village:
        -:  881:        //+1 Card
    #####:  882:        drawCard(currentPlayer, state);
call    0 never executed
        -:  883:
        -:  884:        //+2 Actions
    #####:  885:        state->numActions = state->numActions + 2;
        -:  886:
        -:  887:        //discard played card from hand
    #####:  888:        discardCard(handPos, currentPlayer, state, 0);
call    0 never executed
    #####:  889:        return 0;
        -:  890:
    #####:  891:    case baron:
    #####:  892:        state->numBuys++;//Increase buys by 1!
    #####:  893:        if (choice1 > 0) { //Boolean true or going to discard an estate
branch  0 never executed
branch  1 never executed
    #####:  894:            int p = 0;//Iterator for hand!
    #####:  895:            int card_not_discarded = 1;//Flag for discard set!
    #####:  896:            while(card_not_discarded) {
branch  0 never executed
branch  1 never executed
    #####:  897:                if (state->hand[currentPlayer][p] == estate) { //Found an estate card!
branch  0 never executed
branch  1 never executed
    #####:  898:                    state->coins += 4;//Add 4 coins to the amount of coins
    #####:  899:                    state->discard[currentPlayer][state->discardCount[currentPlayer]] = state->hand[currentPlayer][p];
    #####:  900:                    state->discardCount[currentPlayer]++;
    #####:  901:                    for (; p < state->handCount[currentPlayer]; p++) {
branch  0 never executed
branch  1 never executed
    #####:  902:                        state->hand[currentPlayer][p] = state->hand[currentPlayer][p+1];
        -:  903:                    }
    #####:  904:                    state->hand[currentPlayer][state->handCount[currentPlayer]] = -1;
    #####:  905:                    state->handCount[currentPlayer]--;
    #####:  906:                    card_not_discarded = 0;//Exit the loop
        -:  907:                }
    #####:  908:                else if (p > state->handCount[currentPlayer]) {
branch  0 never executed
branch  1 never executed
        -:  909:                    if(DEBUG) {
        -:  910:                        printf("No estate cards in your hand, invalid choice\n");
        -:  911:                        printf("Must gain an estate if there are any\n");
        -:  912:                    }
    #####:  913:                    if (supplyCount(estate, state) > 0) {
call    0 never executed
branch  1 never executed
branch  2 never executed
    #####:  914:                        gainCard(estate, state, 0, currentPlayer);
call    0 never executed
        -:  915:
    #####:  916:                        state->supplyCount[estate]--;//Decrement estates
    #####:  917:                        if (supplyCount(estate, state) == 0) {
call    0 never executed
branch  1 never executed
branch  2 never executed
    #####:  918:                            isGameOver(state);
call    0 never executed
        -:  919:                        }
        -:  920:                    }
    #####:  921:                    card_not_discarded = 0;//Exit the loop
        -:  922:                }
        -:  923:
        -:  924:                else {
    #####:  925:                    p++;//Next card
        -:  926:                }
        -:  927:            }
        -:  928:        }
        -:  929:
        -:  930:        else {
    #####:  931:            if (supplyCount(estate, state) > 0) {
call    0 never executed
branch  1 never executed
branch  2 never executed
    #####:  932:                gainCard(estate, state, 0, currentPlayer);//Gain an estate
call    0 never executed
        -:  933:
    #####:  934:                state->supplyCount[estate]--;//Decrement Estates
    #####:  935:                if (supplyCount(estate, state) == 0) {
call    0 never executed
branch  1 never executed
branch  2 never executed
    #####:  936:                    isGameOver(state);
call    0 never executed
        -:  937:                }
        -:  938:            }
        -:  939:        }
        -:  940:
        -:  941:
    #####:  942:        return 0;
        -:  943:
    #####:  944:    case great_hall:
        -:  945:        //+1 Card
    #####:  946:        drawCard(currentPlayer, state);
call    0 never executed
        -:  947:
        -:  948:        //+1 Actions
    #####:  949:        state->numActions++;
        -:  950:
        -:  951:        //discard card from hand
    #####:  952:        discardCard(handPos, currentPlayer, state, 0);
call    0 never executed
    #####:  953:        return 0;
        -:  954:
    #####:  955:    case minion:
        -:  956:        //+1 action
    #####:  957:        state->numActions++;
        -:  958:
        -:  959:        //discard card from hand
    #####:  960:        discardCard(handPos, currentPlayer, state, 0);
call    0 never executed
        -:  961:
    #####:  962:		if (choice1)
branch  0 never executed
branch  1 never executed
        -:  963:        {
    #####:  964:            state->coins = state->coins + 2;
        -:  965:        }
    #####:  966:        else if (choice2)		//discard hand, redraw 4, other players with 5+ cards discard hand and draw 4
branch  0 never executed
branch  1 never executed
        -:  967:        {
        -:  968:            //discard hand
    #####:  969:            while(numHandCards(state) > 0)
call    0 never executed
branch  1 never executed
branch  2 never executed
        -:  970:            {
    #####:  971:                discardCard(handPos, currentPlayer, state, 0);
call    0 never executed
        -:  972:            }
        -:  973:
        -:  974:            //draw 4
    #####:  975:            for (i = 0; i < 4; i++)
branch  0 never executed
branch  1 never executed
        -:  976:            {
    #####:  977:                drawCard(currentPlayer, state);
call    0 never executed
        -:  978:            }
        -:  979:
        -:  980:            //other players discard hand and redraw if hand size > 4
    #####:  981:            for (i = 0; i < state->numPlayers; i++)
branch  0 never executed
branch  1 never executed
        -:  982:            {
    #####:  983:                if (i != currentPlayer)
branch  0 never executed
branch  1 never executed
        -:  984:                {
    #####:  985:                    if ( state->handCount[i] > 4 )
branch  0 never executed
branch  1 never executed
        -:  986:                    {
        -:  987:                        //discard hand
    #####:  988:                        while( state->handCount[i] > 0 )
branch  0 never executed
branch  1 never executed
        -:  989:                        {
    #####:  990:                            discardCard(handPos, i, state, 0);
call    0 never executed
        -:  991:                        }
        -:  992:
        -:  993:                        //draw 4
    #####:  994:                        for (j = 0; j < 4; j++)
branch  0 never executed
branch  1 never executed
        -:  995:                        {
    #####:  996:                            drawCard(i, state);
call    0 never executed
        -:  997:                        }
        -:  998:                    }
        -:  999:                }
        -: 1000:            }
        -: 1001:
        -: 1002:        }
    #####: 1003:        return 0;
        -: 1004:
    #####: 1005:    case steward:
    #####: 1006:        if (choice1 == 1)
branch  0 never executed
branch  1 never executed
        -: 1007:        {
        -: 1008:            //+2 cards
    #####: 1009:            drawCard(currentPlayer, state);
call    0 never executed
    #####: 1010:            drawCard(currentPlayer, state);
call    0 never executed
        -: 1011:        }
    #####: 1012:        else if (choice1 == 2)
branch  0 never executed
branch  1 never executed
        -: 1013:        {
        -: 1014:            //+2 coins
    #####: 1015:            state->coins = state->coins + 2;
        -: 1016:        }
        -: 1017:        else
        -: 1018:        {
        -: 1019:            //trash 2 cards in hand
    #####: 1020:            discardCard(choice2, currentPlayer, state, 1);
call    0 never executed
    #####: 1021:            discardCard(choice3, currentPlayer, state, 1);
call    0 never executed
        -: 1022:        }
        -: 1023:
        -: 1024:        //discard card from hand
    #####: 1025:        discardCard(handPos, currentPlayer, state, 0);
call    0 never executed
    #####: 1026:        return 0;
        -: 1027:
    #####: 1028:    case tribute:
    #####: 1029:        if ((state->discardCount[nextPlayer] + state->deckCount[nextPlayer]) <= 1) {
branch  0 never executed
branch  1 never executed
    #####: 1030:            if (state->deckCount[nextPlayer] > 0) {
branch  0 never executed
branch  1 never executed
    #####: 1031:                tributeRevealedCards[0] = state->deck[nextPlayer][state->deckCount[nextPlayer]-1];
    #####: 1032:                state->deckCount[nextPlayer]--;
        -: 1033:            }
    #####: 1034:            else if (state->discardCount[nextPlayer] > 0) {
branch  0 never executed
branch  1 never executed
    #####: 1035:                tributeRevealedCards[0] = state->discard[nextPlayer][state->discardCount[nextPlayer]-1];
    #####: 1036:                state->discardCount[nextPlayer]--;
        -: 1037:            }
        -: 1038:            else {
        -: 1039:                //No Card to Reveal
        -: 1040:                if (DEBUG) {
        -: 1041:                    printf("No cards to reveal\n");
        -: 1042:                }
        -: 1043:            }
        -: 1044:        }
        -: 1045:
        -: 1046:        else {
    #####: 1047:            if (state->deckCount[nextPlayer] == 0) {
branch  0 never executed
branch  1 never executed
    #####: 1048:                for (i = 0; i < state->discardCount[nextPlayer]; i++) {
branch  0 never executed
branch  1 never executed
    #####: 1049:                    state->deck[nextPlayer][i] = state->discard[nextPlayer][i];//Move to deck
    #####: 1050:                    state->deckCount[nextPlayer]++;
    #####: 1051:                    state->discard[nextPlayer][i] = -1;
    #####: 1052:                    state->discardCount[nextPlayer]--;
        -: 1053:                }
        -: 1054:
    #####: 1055:                shuffle(nextPlayer,state);//Shuffle the deck
call    0 never executed
        -: 1056:            }
    #####: 1057:            tributeRevealedCards[0] = state->deck[nextPlayer][state->deckCount[nextPlayer]-1];
    #####: 1058:            state->deck[nextPlayer][state->deckCount[nextPlayer]--] = -1;
    #####: 1059:            state->deckCount[nextPlayer]--;
    #####: 1060:            tributeRevealedCards[1] = state->deck[nextPlayer][state->deckCount[nextPlayer]-1];
    #####: 1061:            state->deck[nextPlayer][state->deckCount[nextPlayer]--] = -1;
    #####: 1062:            state->deckCount[nextPlayer]--;
        -: 1063:        }
        -: 1064:
    #####: 1065:        if (tributeRevealedCards[0] == tributeRevealedCards[1]) { //If we have a duplicate card, just drop one
branch  0 never executed
branch  1 never executed
    #####: 1066:            state->playedCards[state->playedCardCount] = tributeRevealedCards[1];
    #####: 1067:            state->playedCardCount++;
    #####: 1068:            tributeRevealedCards[1] = -1;
        -: 1069:        }
        -: 1070:
    #####: 1071:        for (i = 0; i <= 2; i ++) {
branch  0 never executed
branch  1 never executed
    #####: 1072:            if (tributeRevealedCards[i] == copper || tributeRevealedCards[i] == silver || tributeRevealedCards[i] == gold) { //Treasure cards
branch  0 never executed
branch  1 never executed
branch  2 never executed
branch  3 never executed
branch  4 never executed
branch  5 never executed
    #####: 1073:                state->coins += 2;
        -: 1074:            }
        -: 1075:
    #####: 1076:            else if (tributeRevealedCards[i] == estate || tributeRevealedCards[i] == duchy || tributeRevealedCards[i] == province || tributeRevealedCards[i] == gardens || tributeRevealedCards[i] == great_hall) { //Victory Card Found
branch  0 never executed
branch  1 never executed
branch  2 never executed
branch  3 never executed
branch  4 never executed
branch  5 never executed
branch  6 never executed
branch  7 never executed
branch  8 never executed
branch  9 never executed
    #####: 1077:                drawCard(currentPlayer, state);
call    0 never executed
    #####: 1078:                drawCard(currentPlayer, state);
call    0 never executed
        -: 1079:            }
        -: 1080:            else { //Action Card
    #####: 1081:                state->numActions = state->numActions + 2;
        -: 1082:            }
        -: 1083:        }
        -: 1084:
    #####: 1085:        return 0;
        -: 1086:
    #####: 1087:    case ambassador:
    #####: 1088:        j = 0;		//used to check if player has enough cards to discard
        -: 1089:
    #####: 1090:        if (choice2 > 2 || choice2 < 0)
branch  0 never executed
branch  1 never executed
branch  2 never executed
branch  3 never executed
        -: 1091:        {
    #####: 1092:            return -1;
        -: 1093:        }
        -: 1094:
    #####: 1095:        if (choice1 == handPos)
branch  0 never executed
branch  1 never executed
        -: 1096:        {
    #####: 1097:            return -1;
        -: 1098:        }
        -: 1099:
    #####: 1100:        for (i = 0; i < state->handCount[currentPlayer]; i++)
branch  0 never executed
branch  1 never executed
        -: 1101:        {
    #####: 1102:            if (i != handPos && i == state->hand[currentPlayer][choice1] && i != choice1)
branch  0 never executed
branch  1 never executed
branch  2 never executed
branch  3 never executed
branch  4 never executed
branch  5 never executed
        -: 1103:            {
    #####: 1104:                j++;
        -: 1105:            }
        -: 1106:        }
    #####: 1107:        if (j < choice2)
branch  0 never executed
branch  1 never executed
        -: 1108:        {
    #####: 1109:            return -1;
        -: 1110:        }
        -: 1111:
        -: 1112:        if (DEBUG)
        -: 1113:            printf("Player %d reveals card number: %d\n", currentPlayer, state->hand[currentPlayer][choice1]);
        -: 1114:
        -: 1115:        //increase supply count for choosen card by amount being discarded
    #####: 1116:        state->supplyCount[state->hand[currentPlayer][choice1]] += choice2;
        -: 1117:
        -: 1118:        //each other player gains a copy of revealed card
    #####: 1119:        for (i = 0; i < state->numPlayers; i++)
branch  0 never executed
branch  1 never executed
        -: 1120:        {
    #####: 1121:            if (i != currentPlayer)
branch  0 never executed
branch  1 never executed
        -: 1122:            {
    #####: 1123:                gainCard(state->hand[currentPlayer][choice1], state, 0, i);
call    0 never executed
        -: 1124:            }
        -: 1125:        }
        -: 1126:
        -: 1127:        //discard played card from hand
    #####: 1128:        discardCard(handPos, currentPlayer, state, 0);
call    0 never executed
        -: 1129:
        -: 1130:        //trash copies of cards returned to supply
    #####: 1131:        for (j = 0; j < choice2; j++)
branch  0 never executed
branch  1 never executed
        -: 1132:        {
    #####: 1133:            for (i = 0; i < state->handCount[currentPlayer]; i++)
branch  0 never executed
branch  1 never executed
        -: 1134:            {
    #####: 1135:                if (state->hand[currentPlayer][i] == state->hand[currentPlayer][choice1])
branch  0 never executed
branch  1 never executed
        -: 1136:                {
    #####: 1137:                    discardCard(i, currentPlayer, state, 1);
call    0 never executed
    #####: 1138:                    break;
        -: 1139:                }
        -: 1140:            }
        -: 1141:        }
        -: 1142:
    #####: 1143:        return 0;
        -: 1144:
    #####: 1145:    case cutpurse:
        -: 1146:
    #####: 1147:        updateCoins(currentPlayer, state, 2);
call    0 never executed
    #####: 1148:        for (i = 0; i < state->numPlayers; i++)
branch  0 never executed
branch  1 never executed
        -: 1149:        {
    #####: 1150:            if (i != currentPlayer)
branch  0 never executed
branch  1 never executed
        -: 1151:            {
    #####: 1152:                for (j = 0; j < state->handCount[i]; j++)
branch  0 never executed
branch  1 never executed
        -: 1153:                {
    #####: 1154:                    if (state->hand[i][j] == copper)
branch  0 never executed
branch  1 never executed
        -: 1155:                    {
    #####: 1156:                        discardCard(j, i, state, 0);
call    0 never executed
    #####: 1157:                        break;
        -: 1158:                    }
    #####: 1159:                    if (j == state->handCount[i])
branch  0 never executed
branch  1 never executed
        -: 1160:                    {
    #####: 1161:                        for (k = 0; k < state->handCount[i]; k++)
branch  0 never executed
branch  1 never executed
        -: 1162:                        {
        -: 1163:                            if (DEBUG)
        -: 1164:                                printf("Player %d reveals card number %d\n", i, state->hand[i][k]);
        -: 1165:                        }
    #####: 1166:                        break;
        -: 1167:                    }
        -: 1168:                }
        -: 1169:
        -: 1170:            }
        -: 1171:
        -: 1172:        }
        -: 1173:
        -: 1174:        //discard played card from hand
    #####: 1175:        discardCard(handPos, currentPlayer, state, 0);
call    0 never executed
        -: 1176:
    #####: 1177:        return 0;
        -: 1178:
        -: 1179:
    #####: 1180:    case embargo:
        -: 1181:        //+2 Coins
    #####: 1182:        state->coins = state->coins + 2;
        -: 1183:
        -: 1184:        //see if selected pile is in play
    #####: 1185:        if ( state->supplyCount[choice1] == -1 )
branch  0 never executed
branch  1 never executed
        -: 1186:        {
    #####: 1187:            return -1;
        -: 1188:        }
        -: 1189:
        -: 1190:        //add embargo token to selected supply pile
    #####: 1191:        state->embargoTokens[choice1]++;
        -: 1192:
        -: 1193:        //trash card
    #####: 1194:        discardCard(handPos, currentPlayer, state, 1);
call    0 never executed
    #####: 1195:        return 0;
        -: 1196:
    #####: 1197:    case outpost:
        -: 1198:        //set outpost flag
    #####: 1199:        state->outpostPlayed++;
        -: 1200:
        -: 1201:        //discard card
    #####: 1202:        discardCard(handPos, currentPlayer, state, 0);
call    0 never executed
    #####: 1203:        return 0;
        -: 1204:
    #####: 1205:    case salvager:
        -: 1206:        //+1 buy
    #####: 1207:        state->numBuys++;
        -: 1208:
    #####: 1209:        if (choice1)
branch  0 never executed
branch  1 never executed
        -: 1210:        {
        -: 1211:            //gain coins equal to trashed card
    #####: 1212:            state->coins = state->coins + getCost( handCard(choice1, state) );
call    0 never executed
call    1 never executed
        -: 1213:            //trash card
    #####: 1214:            discardCard(choice1, currentPlayer, state, 1);
call    0 never executed
        -: 1215:        }
        -: 1216:
        -: 1217:        //discard card
    #####: 1218:        discardCard(handPos, currentPlayer, state, 0);
call    0 never executed
    #####: 1219:        return 0;
        -: 1220:
    #####: 1221:    case sea_hag:
    #####: 1222:        for (i = 0; i < state->numPlayers; i++) {
branch  0 never executed
branch  1 never executed
    #####: 1223:            if (i != currentPlayer) {
branch  0 never executed
branch  1 never executed
    #####: 1224:                state->discard[i][state->discardCount[i]] = state->deck[i][state->deckCount[i]--];
    #####: 1225:                state->deckCount[i]--;
    #####: 1226:                state->discardCount[i]++;
    #####: 1227:                state->deck[i][state->deckCount[i]--] = curse;//Top card now a curse
        -: 1228:            }
        -: 1229:        }
    #####: 1230:        return 0;
        -: 1231:
    #####: 1232:    case treasure_map:
        -: 1233:        //search hand for another treasure_map
    #####: 1234:        index = -1;
    #####: 1235:        for (i = 0; i < state->handCount[currentPlayer]; i++)
branch  0 never executed
branch  1 never executed
        -: 1236:        {
    #####: 1237:            if (state->hand[currentPlayer][i] == treasure_map && i != handPos)
branch  0 never executed
branch  1 never executed
branch  2 never executed
branch  3 never executed
        -: 1238:            {
    #####: 1239:                index = i;
    #####: 1240:                break;
        -: 1241:            }
        -: 1242:        }
    #####: 1243:        if (index > -1)
branch  0 never executed
branch  1 never executed
        -: 1244:        {
        -: 1245:            //trash both treasure cards
    #####: 1246:            discardCard(handPos, currentPlayer, state, 1);
call    0 never executed
    #####: 1247:            discardCard(index, currentPlayer, state, 1);
call    0 never executed
        -: 1248:
        -: 1249:            //gain 4 Gold cards
    #####: 1250:            for (i = 0; i < 4; i++)
branch  0 never executed
branch  1 never executed
        -: 1251:            {
    #####: 1252:                gainCard(gold, state, 1, currentPlayer);
call    0 never executed
        -: 1253:            }
        -: 1254:
        -: 1255:            //return success
    #####: 1256:            return 1;
        -: 1257:        }
        -: 1258:
        -: 1259:        //no second treasure_map found in hand
    #####: 1260:        return -1;
        -: 1261:    }
        -: 1262:
    #####: 1263:    return -1;
        -: 1264:}
        -: 1265:
function discardCard called 20 returned 100% blocks executed 78%
       20: 1266:int discardCard(int handPos, int currentPlayer, struct gameState *state, int trashFlag)
        -: 1267:{
        -: 1268:
        -: 1269:    //if card is not trashed, added to Played pile
       20: 1270:    if (trashFlag < 1)
branch  0 taken 100% (fallthrough)
branch  1 taken 0%
        -: 1271:    {
        -: 1272:        //add card to played pile
       20: 1273:        state->playedCards[state->playedCardCount] = state->hand[currentPlayer][handPos];
       20: 1274:        state->playedCardCount++;
        -: 1275:    }
        -: 1276:
        -: 1277:    //set played card to -1
       20: 1278:    state->hand[currentPlayer][handPos] = -1;
        -: 1279:
        -: 1280:    //remove card from player's hand
       20: 1281:    if ( handPos == (state->handCount[currentPlayer] - 1) ) 	//last card in hand array is played
branch  0 taken 0% (fallthrough)
branch  1 taken 100%
        -: 1282:    {
        -: 1283:        //reduce number of cards in hand
    #####: 1284:        state->handCount[currentPlayer]--;
        -: 1285:    }
       20: 1286:    else if ( state->handCount[currentPlayer] == 1 ) //only one card in hand
branch  0 taken 0% (fallthrough)
branch  1 taken 100%
        -: 1287:    {
        -: 1288:        //reduce number of cards in hand
    #####: 1289:        state->handCount[currentPlayer]--;
        -: 1290:    }
        -: 1291:    else
        -: 1292:    {
        -: 1293:        //replace discarded card with last card in hand
       20: 1294:        state->hand[currentPlayer][handPos] = state->hand[currentPlayer][ (state->handCount[currentPlayer] - 1)];
        -: 1295:        //set last card to -1
       20: 1296:        state->hand[currentPlayer][state->handCount[currentPlayer] - 1] = -1;
        -: 1297:        //reduce number of cards in hand
       20: 1298:        state->handCount[currentPlayer]--;
        -: 1299:    }
        -: 1300:
       20: 1301:    return 0;
        -: 1302:}
        -: 1303:
function gainCard called 10 returned 100% blocks executed 70%
       10: 1304:int gainCard(int supplyPos, struct gameState *state, int toFlag, int player)
        -: 1305:{
        -: 1306:    //Note: supplyPos is enum of choosen card
        -: 1307:
        -: 1308:    //check if supply pile is empty (0) or card is not used in game (-1)
       10: 1309:    if ( supplyCount(supplyPos, state) < 1 )
call    0 returned 100%
branch  1 taken 0% (fallthrough)
branch  2 taken 100%
        -: 1310:    {
    #####: 1311:        return -1;
        -: 1312:    }
        -: 1313:
        -: 1314:    //added card for [whoseTurn] current player:
        -: 1315:    // toFlag = 0 : add to discard
        -: 1316:    // toFlag = 1 : add to deck
        -: 1317:    // toFlag = 2 : add to hand
        -: 1318:
       10: 1319:    if (toFlag == 1)
branch  0 taken 0% (fallthrough)
branch  1 taken 100%
        -: 1320:    {
    #####: 1321:        state->deck[ player ][ state->deckCount[player] ] = supplyPos;
    #####: 1322:        state->deckCount[player]++;
        -: 1323:    }
       10: 1324:    else if (toFlag == 2)
branch  0 taken 100% (fallthrough)
branch  1 taken 0%
        -: 1325:    {
       10: 1326:        state->hand[ player ][ state->handCount[player] ] = supplyPos;
       10: 1327:        state->handCount[player]++;
        -: 1328:    }
        -: 1329:    else
        -: 1330:    {
    #####: 1331:        state->discard[player][ state->discardCount[player] ] = supplyPos;
    #####: 1332:        state->discardCount[player]++;
        -: 1333:    }
        -: 1334:
        -: 1335:    //decrease number in supply pile
       10: 1336:    state->supplyCount[supplyPos]--;
        -: 1337:
       10: 1338:    return 0;
        -: 1339:}
        -: 1340:
function updateCoins called 12 returned 100% blocks executed 82%
       12: 1341:int updateCoins(int player, struct gameState *state, int bonus)
        -: 1342:{
        -: 1343:    int i;
        -: 1344:
        -: 1345:    //reset coin count
       12: 1346:    state->coins = 0;
        -: 1347:
        -: 1348:    //add coins for each Treasure card in player's hand
       72: 1349:    for (i = 0; i < state->handCount[player]; i++)
branch  0 taken 83%
branch  1 taken 17% (fallthrough)
        -: 1350:    {
       60: 1351:        if (state->hand[player][i] == copper)
branch  0 taken 80% (fallthrough)
branch  1 taken 20%
        -: 1352:        {
       48: 1353:            state->coins += 1;
        -: 1354:        }
       12: 1355:        else if (state->hand[player][i] == silver)
branch  0 taken 0% (fallthrough)
branch  1 taken 100%
        -: 1356:        {
    #####: 1357:            state->coins += 2;
        -: 1358:        }
       12: 1359:        else if (state->hand[player][i] == gold)
branch  0 taken 0% (fallthrough)
branch  1 taken 100%
        -: 1360:        {
    #####: 1361:            state->coins += 3;
        -: 1362:        }
        -: 1363:    }
        -: 1364:
        -: 1365:    //add bonus
       12: 1366:    state->coins += bonus;
        -: 1367:
       12: 1368:    return 0;
        -: 1369:}
        -: 1370:
        -: 1371:
        -: 1372://end of dominion.c
        -: 1373:
