        -:    0:Source:randomtestcard1.c
        -:    0:Graph:randomtestcard1.gcno
        -:    0:Data:randomtestcard1.gcda
        -:    0:Runs:1
        -:    0:Programs:1
        -:    1:#include "dominion.h"
        -:    2:#include "dominion_helpers.h"
        -:    3:#include <string.h>
        -:    4:#include <stdio.h>
        -:    5:#include "rngs.h"
        -:    6://#include "custom_assert.h"
        -:    7:
        -:    8:
        -:    9:/*
        -:   10:vars to consider for randomization:
        -:   11:    YES:
        -:   12:        player1 state vars
        -:   13:        randomize card locations and which cards are being used in the players hand
        -:   14:        supply deck numbers
        -:   15:        the number which the player inputs for getting rid of and estate
        -:   16:
        -:   17:    NO:
        -:   18:        number players
        -:   19:
        -:   20:*/
        -:   21:
        -:   22:
        -:   23:/*
        -:   24:
        -:   25:struct gameState {
        -:   26:    int numPlayers; //number of players
        -:   27:    int supplyCount[treasure_map+1];  //this is the amount of a specific type of card given a specific number.
        -:   28:    int embargoTokens[treasure_map+1];
        -:   29:    int outpostPlayed;
        -:   30:    int outpostTurn;
        -:   31:    int whoseTurn;
        -:   32:    int phase;
        -:   33:    int numActions; /* Starts at 1 each turn
        -:   34:    int coins; /* Use as you see fit!
        -:   35:    int numBuys; /* Starts at 1 each turn
        -:   36:    int hand[MAX_PLAYERS][MAX_HAND];
        -:   37:    int handCount[MAX_PLAYERS];
        -:   38:};
        -:   39:
        -:   40:*/
        -:   41:
        -:   42:#define MAX_HAND_COUNT 10
        -:   43:
        1:   44:int main()
        -:   45:{
        1:   46:    int cardsGained = 0;
        1:   47:    int discarded = 0;
        1:   48:    int coinsGained = 0;
        1:   49:    int buysGained = 0;
        1:   50:    int actionsGained = 0;
        -:   51:
        1:   52:    int choice1 = 0; //randomize player1 choice1
        1:   53:    int seed = 1000;
        1:   54:    int numPlayers = 2;
        1:   55:    int player1 = 0;
        -:   56:	struct gameState preG, postG;
        1:   57:	int k[10] = {adventurer, embargo, village, minion, mine, cutpurse,
        -:   58:			sea_hag, baron, smithy, council_room};
        -:   59:
        1:   60:    printf("\n\n-------------Randomly Testing Baron---------\n\n");
        1:   61:    initializeGame(numPlayers, k, seed, &preG);
        -:   62:
        1:   63:    srand(time(NULL));
        -:   64:
        1:   65:    int count = 0;
        -:   66:
     1003:   67:    while(count <= 1000)
        -:   68:    {
     1001:   69:        choice1 = rand() % preG.handCount[player1]; //choose a random card from the handcount of player1
        -:   70:
        -:   71:        //might randomize player hand count so it is bigger or smaller?
        -:   72:
     6006:   73:        for(int i = 0; i < preG.handCount[player1]; i++) //use non-randomized player hand size to randomize the players hand
        -:   74:        {
     5005:   75:            preG.hand[player1][i] = rand() % 27; //or is it 23? 0 to 26
        -:   76:        }
        -:   77:
        -:   78:        //randomize supply count for estates
     1001:   79:        preG.supplyCount[estate] = rand() % 12 + (-1); //generate random numbers between -1 and 10(?)
        -:   80:
     1001:   81:        memcpy(&postG, &preG, sizeof(struct gameState));
        -:   82:
     1001:   83:        baronLogic(choice1, &postG, player1);
        -:   84:
     1001:   85:        count++;
        -:   86:    }
        -:   87:
        1:   88:    return 0;
        -:   89:}
