        -:    0:Source:testDrawCard.c
        -:    0:Graph:testDrawCard.gcno
        -:    0:Data:testDrawCard.gcda
        -:    0:Runs:2
        -:    0:Programs:1
        -:    1:#include "dominion.h"
        -:    2:#include "dominion_helpers.h"
        -:    3:#include <string.h>
        -:    4:#include <stdio.h>
        -:    5:#include <assert.h>
        -:    6:#include "rngs.h"
        -:    7:
        -:    8:#define DEBUG 0
        -:    9:#define NOISY_TEST 1
        -:   10:
     4000:   11:int checkDrawCard(int p, struct gameState *post) {
        -:   12:    struct gameState pre;
     4000:   13:    memcpy (&pre, post, sizeof(struct gameState));
        -:   14:
        -:   15:    int r;
        -:   16:    //  printf ("drawCard PRE: p %d HC %d DeC %d DiC %d\n",
        -:   17:    //	  p, pre.handCount[p], pre.deckCount[p], pre.discardCount[p]);
        -:   18:
     4000:   19:    r = drawCard (p, post);
        -:   20:
        -:   21:    //printf ("drawCard POST: p %d HC %d DeC %d DiC %d\n",
        -:   22:    //      p, post->handCount[p], post->deckCount[p], post->discardCount[p]);
        -:   23:
     4000:   24:    if (pre.deckCount[p] > 0) {
     3996:   25:        pre.handCount[p]++;
     3996:   26:        pre.hand[p][pre.handCount[p]-1] = pre.deck[p][pre.deckCount[p]-1];
     3996:   27:        pre.deckCount[p]--;
        4:   28:    } else if (pre.discardCount[p] > 0) {
        4:   29:        memcpy(pre.deck[p], post->deck[p], sizeof(int) * pre.discardCount[p]);
        4:   30:        memcpy(pre.discard[p], post->discard[p], sizeof(int)*pre.discardCount[p]);
        4:   31:        pre.hand[p][post->handCount[p]-1] = post->hand[p][post->handCount[p]-1];
        4:   32:        pre.handCount[p]++;
        4:   33:        pre.deckCount[p] = pre.discardCount[p]-1;
        4:   34:        pre.discardCount[p] = 0;
        -:   35:    }
        -:   36:
     4000:   37:    assert (r == 0);
        -:   38:
     4000:   39:    assert(memcmp(&pre, post, sizeof(struct gameState)) == 0);
     4000:   40:}
        -:   41:
        2:   42:int main () {
        -:   43:
        -:   44:    int i, n, r, p, deckCount, discardCount, handCount;
        -:   45:
        2:   46:    int k[10] = {adventurer, council_room, feast, gardens, mine,
        -:   47:                 remodel, smithy, village, baron, great_hall
        -:   48:                };
        -:   49:
        -:   50:    struct gameState G;
        -:   51:
        2:   52:    printf ("Testing drawCard.\n");
        -:   53:
        2:   54:    printf ("RANDOM TESTS.\n");
        -:   55:
        2:   56:    SelectStream(2);
        2:   57:    PutSeed(3);
        -:   58:
     4002:   59:    for (n = 0; n < 2000; n++) {
105204000:   60:        for (i = 0; i < sizeof(struct gameState); i++) {
105200000:   61:            ((char*)&G)[i] = floor(Random() * 256);
        -:   62:        }
     4000:   63:        p = floor(Random() * 2);
     4000:   64:        G.deckCount[p] = floor(Random() * MAX_DECK);
     4000:   65:        G.discardCount[p] = floor(Random() * MAX_DECK);
     4000:   66:        G.handCount[p] = floor(Random() * MAX_HAND);
     4000:   67:        checkDrawCard(p, &G);
        -:   68:    }
        -:   69:
        2:   70:    printf ("ALL TESTS OK\n");
        -:   71:
        2:   72:    exit(0);
        -:   73:
        -:   74:}
