        -:    0:Source:unittest1.c
        -:    0:Graph:unittest1.gcno
        -:    0:Data:unittest1.gcda
        -:    0:Runs:1
        -:    0:Programs:1
        -:    1://NEED TO ZERO OUT GAME STRUCTS AFTER USING THEM!!
        -:    2:#include "dominion.h"
        -:    3:#include "dominion_helpers.h"
        -:    4:#include <string.h>
        -:    5:#include <stdio.h>
        -:    6:#include "rngs.h"
        -:    7:#include "custom_assert.h"
        -:    8:
        -:    9:/*
        -:   10:    test 1: get rid of estate and have one in hand
        -:   11:    test 2: get rid of estate, but not have one in hand
        -:   12:    test 3: gain an estate
        -:   13:    test 4: try to gain an estate, but negative amount of estates in supply
        -:   14:*/
        -:   15:
        -:   16:/*
        -:   17:what to test each time
        -:   18:    int supplyCount[treasure_map+1];  DEPENDS
        -:   19:    int numActions; DEPENDS
        -:   20:    int coins; DEPENDS
        -:   21:    int numBuys; DEPENDS
        -:   22:    int hand[MAX_PLAYERS][MAX_HAND]; DEPENDS
        -:   23:    int handCount[MAX_PLAYERS]; USUALLY ALWAYS
        -:   24:    int deck[MAX_PLAYERS][MAX_DECK]; DEPENDS
        -:   25:    int deckCount[MAX_PLAYERS]; DEPENDS
        -:   26:    int discard[MAX_PLAYERS][MAX_DECK]; DEPENDS
        -:   27:    int discardCount[MAX_PLAYERS]; DEPENDS
        -:   28:*/
        -:   29:
        4:   30:int universalTest(struct gameState *pre, struct gameState *post, int discarded, int cardsGained, int buysGained, int coinsGained, int actionsGained, int player)
        -:   31:{
        4:   32:    printf("Number buys:\n");
        4:   33:    ASSERT((pre->numBuys + buysGained) == post->numBuys);
        4:   34:    printf("\texpected = %d, actual = %d\n", pre->numBuys + buysGained, post->numBuys);
        -:   35:
        4:   36:    printf("Number Actions:\n");
        4:   37:    ASSERT(post->numActions == pre->numActions + actionsGained);
        4:   38:    printf("\texpected = %d, actual = %d\n", pre->numActions + actionsGained, post->numActions);
        -:   39:
        4:   40:    printf("Number coins:\n");
        4:   41:    ASSERT((pre->coins + coinsGained) == post->coins);
        4:   42:    printf("\texpected = %d, actual = %d\n", pre->coins + coinsGained, post->coins);
        -:   43:
        4:   44:    printf("Hand count:\n");
        4:   45:    ASSERT(post->handCount[player] == pre->handCount[player] - discarded + cardsGained);
        4:   46:    printf("\texpected = %d, actual = %d\n", pre->handCount[player] - discarded + cardsGained, post->handCount[player]);
        4:   47:}
        -:   48:
        1:   49:int main()
        -:   50:{
        1:   51:    int cardsGained = 0;
        1:   52:    int discarded = 0;
        1:   53:    int coinsGained = 0;
        1:   54:    int buysGained = 0;
        1:   55:    int actionsGained = 0;
        -:   56:
        1:   57:    int handpos = 0, choice1 = 0, choice2 = 0, choice3 = 0, bonus = 0;
        1:   58:    int seed = 1000;
        1:   59:    int numPlayers = 2;
        1:   60:    int thisPlayer = 0;
        -:   61:	struct gameState preG, postG;
        1:   62:	int k[10] = {adventurer, embargo, village, minion, mine, cutpurse,
        -:   63:			sea_hag, baron, smithy, council_room};
        -:   64:
        1:   65:    printf("\n\n-------------Testing Baron---------\n\n");
        1:   66:    initializeGame(numPlayers, k, seed, &preG);
        -:   67:
        -:   68:/* 
        -:   69:    test 1: get rid of estate and have one in hand
        -:   70:    expect: to get rid of estate and gain +4 coins 
        -:   71:*/
        1:   72:    printf("\n\nTest 1:\n");
        -:   73:
        -:   74:    //set players hand
        1:   75:    preG.hand[thisPlayer][0] = steward;
        1:   76:	preG.hand[thisPlayer][1] = copper;
        1:   77:	preG.hand[thisPlayer][2] = duchy;
        1:   78:	preG.hand[thisPlayer][3] = estate;
        1:   79:	preG.hand[thisPlayer][4] = feast;
        -:   80:
        1:   81:    memcpy(&postG, &preG, sizeof(struct gameState));
        1:   82:	choice1 = 1;
        1:   83:    discarded = 1;
        1:   84:    buysGained = 1;
        1:   85:    coinsGained = 4;
        1:   86:    actionsGained = 0;
        1:   87:    cardsGained = 0;
        1:   88:	baronLogic(choice1, &postG, thisPlayer);
        -:   89:
        1:   90:    universalTest(&preG, &postG, discarded, cardsGained, buysGained, coinsGained, actionsGained, thisPlayer);
        6:   91:    for(int i = 0; i < postG.handCount[thisPlayer]; i++)
        -:   92:    {
        5:   93:        ASSERT(postG.hand[thisPlayer][i] != estate);
        5:   94:        if(postG.hand[thisPlayer][i] == estate)
        -:   95:        {
        1:   96:            printf("estate found in hand at %d\n", i);
        -:   97:        }
        -:   98:    }
        -:   99:
        -:  100:/* 
        -:  101:    test 2: get rid of estate, but not have one in hand
        -:  102:    expect: gain an estate
        -:  103:*/
        1:  104:    printf("\n\nTest 2:\n");
        -:  105:
        -:  106:    //set player hand with no estate
        1:  107:    preG.hand[thisPlayer][0] = steward;
        1:  108:	preG.hand[thisPlayer][1] = copper;
        1:  109:	preG.hand[thisPlayer][2] = duchy;
        1:  110:	preG.hand[thisPlayer][3] = feast;
        1:  111:    preG.handCount[thisPlayer] = 4;
        -:  112:
        1:  113:    memcpy(&postG, &preG, sizeof(struct gameState));
        1:  114:	choice1 = 1;
        1:  115:    discarded = 0;
        1:  116:    buysGained = 1;
        1:  117:    coinsGained = 0;
        1:  118:    actionsGained = 0;
        1:  119:    cardsGained = 1;
        1:  120:	baronLogic(choice1, &postG, thisPlayer);
        1:  121:    printf("postG: %d\n", postG.numBuys);
        -:  122:
        1:  123:    universalTest(&preG, &postG, discarded, cardsGained, buysGained, coinsGained, actionsGained, thisPlayer);
        -:  124:
        -:  125:    //the player should gain an estate at the highest hand pos
        1:  126:    ASSERT(postG.hand[thisPlayer][preG.handCount[thisPlayer] + 1] == estate);
        -:  127:
        -:  128:/* 
        -:  129:    test 3:
        -:  130:    to what happens when player chooses to gain an estate 
        -:  131:*/
        1:  132:    printf("\n\nTest 3:\n");
        -:  133:
        -:  134:    //set players hand
        1:  135:    preG.hand[thisPlayer][0] = steward;
        1:  136:	preG.hand[thisPlayer][1] = copper;
        1:  137:	preG.hand[thisPlayer][2] = duchy;
        1:  138:	preG.hand[thisPlayer][3] = feast;
        -:  139:
        1:  140:    memcpy(&postG, &preG, sizeof(struct gameState));
        1:  141:	choice1 = 0;
        1:  142:    discarded = 0;
        1:  143:    buysGained = 1;
        1:  144:    coinsGained = 0;
        1:  145:    actionsGained = 0;
        1:  146:    cardsGained = 1;
        1:  147:	baronLogic(choice1, &postG, thisPlayer);
        -:  148:
        1:  149:    universalTest(&preG, &postG, discarded, cardsGained, buysGained, coinsGained, actionsGained, thisPlayer);
        -:  150:
        1:  151:    ASSERT(postG.hand[thisPlayer][postG.handCount[thisPlayer]] == estate);
        -:  152:
        -:  153:/*
        -:  154:    test 4:
        -:  155:    expected: to not gain an estate card, everything stays the same, except you get +1 buys
        -:  156:*/
        1:  157:    printf("\n\nTest 4:\n");
        -:  158:
        1:  159:    preG.hand[thisPlayer][0] = steward;
        1:  160:	preG.hand[thisPlayer][1] = copper;
        1:  161:	preG.hand[thisPlayer][2] = duchy;
        1:  162:	preG.hand[thisPlayer][3] = estate;
        1:  163:	preG.hand[thisPlayer][4] = feast;
        1:  164:    preG.supplyCount[estate] = -1;
        1:  165:    preG.handCount[thisPlayer] = 5;
        -:  166:
        1:  167:    memcpy(&postG, &preG, sizeof(struct gameState));
        1:  168:	choice1 = 0;
        1:  169:    discarded = 0;
        1:  170:    buysGained = 1;
        1:  171:    coinsGained = 0;
        1:  172:    actionsGained = 0;
        1:  173:    cardsGained = 0;
        1:  174:	baronLogic(choice1, &postG, thisPlayer);
        -:  175:
        1:  176:    universalTest(&preG, &postG, discarded, cardsGained, buysGained, coinsGained, actionsGained, thisPlayer);
        -:  177:    
        1:  178:    ASSERT(postG.supplyCount[estate] == preG.supplyCount[estate]);
        -:  179:
        1:  180:    printf("\n\n-------------End Testing Baron---------------\n\n");
        -:  181:
        1:  182:    return 0;
        -:  183:}
