        -:    0:Source:unittest4.c
        -:    0:Graph:unittest4.gcno
        -:    0:Data:unittest4.gcda
        -:    0:Runs:1
        -:    0:Programs:1
        -:    1:#include "dominion.h"
        -:    2:#include "dominion_helpers.h"
        -:    3:#include <string.h>
        -:    4:#include <stdio.h>
        -:    5:#include "custom_assert.h"
        -:    6:#include "rngs.h"
        -:    7:
        -:    8://tribute card
        -:    9:/*
        -:   10:    test 1: player2 has no cards
        -:   11:    test 2: player2 has one card in deck (copper) CHANGED
        -:   12:    test 3: player2 has one card in discard pile (action card) CHANGED
        -:   13:    test 4: player2 has a deck of five cards (treasure card, action card)
        -:   14:    test 5: player2 has a deck of five cards but duplicate (copper, copper)
        -:   15:*/
        -:   16:
        5:   17:int universalTest(struct gameState *pre, struct gameState *post, int discarded, int cardsGained, int buysGained, int coinsGained, int actionsGained, int player)
        -:   18:{
        5:   19:    printf("Number buys:\n");
        5:   20:    ASSERT((pre->numBuys + buysGained) == post->numBuys);
        5:   21:    printf("\texpected = %d, actual = %d\n", pre->numBuys + buysGained, post->numBuys);
        -:   22:
        5:   23:    printf("Number Actions:\n");
        5:   24:    ASSERT(post->numActions == pre->numActions + actionsGained);
        5:   25:    printf("\texpected = %d, actual = %d\n", pre->numActions + actionsGained, post->numActions);
        -:   26:
        5:   27:    printf("Number coins:\n");
        5:   28:    ASSERT((pre->coins + coinsGained) == post->coins);
        5:   29:    printf("\texpected = %d, actual = %d\n", pre->coins + coinsGained, post->coins);
        -:   30:
        5:   31:    printf("Hand count:\n");
        5:   32:    ASSERT(post->handCount[player] == pre->handCount[player] - discarded + cardsGained);
        5:   33:    printf("\texpected = %d, actual = %d\n", pre->handCount[player] - discarded + cardsGained, post->handCount[player]);
        -:   34:
        5:   35:    return 0;
        -:   36:}
        -:   37:
        1:   38:int main()
        -:   39:{
        -:   40:    /*
        -:   41:    int numPlayers; //number of players
        -:   42:    int supplyCount[treasure_map+1];  //this is the amount of a specific type of card given a specific number.
        -:   43:    int embargoTokens[treasure_map+1];
        -:   44:    int outpostPlayed;
        -:   45:    int outpostTurn;
        -:   46:    int whoseTurn;
        -:   47:    int phase;
        -:   48:    int numActions; /* Starts at 1 each turn
        -:   49:    int coins; /* Use as you see fit!
        -:   50:    int numBuys; /* Starts at 1 each turn
        -:   51:    int hand[MAX_PLAYERS][MAX_HAND];
        -:   52:    int handCount[MAX_PLAYERS];
        -:   53:    int deck[MAX_PLAYERS][MAX_DECK];
        -:   54:    int deckCount[MAX_PLAYERS];
        -:   55:    int discard[MAX_PLAYERS][MAX_DECK];
        -:   56:    int discardCount[MAX_PLAYERS];
        -:   57:    int playedCards[MAX_DECK];
        -:   58:    int playedCardCount;
        -:   59:    */
        1:   60:    int cardsGained = 0;
        1:   61:    int cardsDiscarded = 0;
        1:   62:    int coinsGained = 0;
        1:   63:    int buysGained = 0;
        1:   64:    int actionsGained = 0;
        -:   65:
        1:   66:    int handpos = 0, choice1 = 0, choice2 = 0, choice3 = 0, bonus = 0;
        1:   67:    int seed = 1000;
        1:   68:    int numPlayers = 2;
        1:   69:    int player1 = 0;
        1:   70:    int player2 = 1;
        -:   71:	struct gameState preG, postG;
        1:   72:	int k[10] = {adventurer, silver, copper, gold, mine, minion,
        -:   73:			sea_hag, baron, smithy, council_room};
        -:   74:
        -:   75://REPLACE ALL //assertS WITH OWN IMPLEMENTATION
        1:   76:    printf("\n\n---------------------------------Testing Tribute--------------------------\n\n");
        1:   77:    initializeGame(numPlayers, k, seed, &preG);
        -:   78:
        -:   79:/*
        -:   80:    test 1: player2 has no cards
        -:   81:    expect: no change
        -:   82:*/
        1:   83:    printf("\n\nTest 1:\n");
        1:   84:    preG.hand[player1][0] = minion;
        1:   85:	preG.hand[player1][1] = copper;
        1:   86:	preG.hand[player1][2] = tribute;
        1:   87:	preG.hand[player1][3] = estate;
        1:   88:	preG.hand[player1][4] = mine;
        1:   89:    preG.handCount[player1] = 5;
        -:   90:
        1:   91:    preG.handCount[player2] = 0;
        1:   92:    preG.deckCount[player2] = 0;
        1:   93:    preG.discardCount[player2] = 0;
        -:   94:
        1:   95:    memcpy(&postG, &preG, sizeof(struct gameState));
        1:   96:    cardsDiscarded = 0;
        1:   97:    buysGained = 0;
        1:   98:    coinsGained = 0;
        1:   99:    actionsGained = 0;
        1:  100:    cardsGained = 0;
        1:  101:	tributeLogic(&postG, player1, player2);
        -:  102:
        1:  103:    universalTest(&preG, &postG, cardsDiscarded, cardsGained, buysGained, coinsGained, actionsGained, player1);
        -:  104:    /*ASSERT(preG.handCount[player1] + cardsGained - cardsDiscarded == postG.handCount[player1]);
        -:  105:    ASSERT(preG.deckCount[player1] - cardsGained == postG.deckCount[player1]);
        -:  106:    ASSERT(preG.coins + coinsGained == postG.coins);*/
        -:  107:
        -:  108:/*
        -:  109:    test 2: player2 has one card in hand (copper)
        -:  110:    expect: player1 gain +2 coin; player2 one less card in hand (potentially a full deck because he would shuffle a new hand?)
        -:  111:*/
        1:  112:    printf("\n\nTest 2:\n");
        -:  113:
        1:  114:    preG.hand[player1][0] = minion;
        1:  115:	preG.hand[player1][1] = copper;
        1:  116:	preG.hand[player1][2] = tribute;
        1:  117:	preG.hand[player1][3] = estate;
        1:  118:	preG.hand[player1][4] = mine;
        -:  119:
        1:  120:    preG.deck[player2][0] = copper;
        1:  121:    preG.deckCount[player2] = 1;
        1:  122:    preG.discardCount[player2] = 0;
        -:  123:
        1:  124:    memcpy(&postG, &preG, sizeof(struct gameState));
        1:  125:    cardsDiscarded = 0;
        1:  126:    buysGained = 0;
        1:  127:    coinsGained = 2;
        1:  128:    actionsGained = 0;
        1:  129:    cardsGained = 0;
        1:  130:	tributeLogic(&postG, player1, player2);
        -:  131:
        1:  132:    universalTest(&preG, &postG, cardsDiscarded, cardsGained, buysGained, coinsGained, actionsGained, player1);
        -:  133:    /*ASSERT(preG.handCount[player1] + cardsGained - cardsDiscarded == postG.handCount[player1]);
        -:  134:    ASSERT(preG.deckCount[player1] - cardsGained == postG.deckCount[player1]);
        -:  135:    ASSERT(preG.coins + coinsGained == postG.coins);*/
        -:  136:
        1:  137:    ASSERT(preG.handCount[player2] - 1 == postG.handCount[player2]);
        -:  138:
        -:  139:/*
        -:  140:    test 3: player2 has one card in deck (action card)
        -:  141:    expect: player1 gain +2 actions; player2 to have one less card in deck (maybe he will have more from a shuffle?)
        -:  142:*/
        1:  143:    printf("\n\nTest 3:\n");
        -:  144:
        1:  145:    preG.hand[player1][0] = minion;
        1:  146:	preG.hand[player1][1] = copper;
        1:  147:	preG.hand[player1][2] = tribute;
        1:  148:	preG.hand[player1][3] = estate;
        1:  149:	preG.hand[player1][4] = mine;
        -:  150:
        1:  151:    preG.deck[player2][0] = tribute;
        1:  152:    preG.deckCount[player2] = 1;
        1:  153:    preG.discardCount[player2] = 0;
        -:  154:
        1:  155:    cardsDiscarded = 0;
        1:  156:    buysGained = 0;
        1:  157:    coinsGained = 0;
        1:  158:    actionsGained = 2;
        1:  159:    cardsGained = 0;
        1:  160:    memcpy(&postG, &preG, sizeof(struct gameState));
        -:  161:    
        1:  162:	tributeLogic(&postG, player1, player2);
        -:  163:
        1:  164:    universalTest(&preG, &postG, cardsDiscarded, cardsGained, buysGained, coinsGained, actionsGained, player1);
        -:  165:    /*ASSERT(preG.handCount[player1] + cardsGained - cardsDiscarded == postG.handCount[player1]);
        -:  166:    ASSERT(preG.deckCount[player1] - cardsGained == postG.deckCount[player1]);
        -:  167:    ASSERT(preG.coins + coinsGained == postG.coins);
        -:  168:    ASSERT(preG.numActions + actionsGained == postG.numActions);*/
        -:  169:
        1:  170:    ASSERT(preG.deckCount[player2] - 1 == postG.deckCount[player2]);
        -:  171:
        -:  172:/*
        -:  173:    test 4: player2 has a hand of five cards (victory card, action card)
        -:  174:    expect: player1 gains +2 cards and +2 actions; player2 loses two cards from hand
        -:  175:*/
        1:  176:    printf("\n\nTest 4:\n");
        -:  177:
        1:  178:    preG.hand[player1][0] = minion;
        1:  179:	preG.hand[player1][1] = tribute;
        1:  180:	preG.hand[player1][2] = tribute;
        1:  181:	preG.hand[player1][3] = estate;
        1:  182:	preG.hand[player1][4] = mine;
        1:  183:    preG.handCount[player1] = 5;
        -:  184:
        1:  185:    preG.deck[player2][0] = copper;
        1:  186:	preG.deck[player2][1] = copper;
        1:  187:	preG.deck[player2][2] = copper;
        1:  188:	preG.deck[player2][3] = tribute;
        1:  189:	preG.deck[player2][4] = estate;
        -:  190:
        -:  191:    /*preG.hand[player2][0] = copper;
        -:  192:	preG.hand[player2][1] = copper;
        -:  193:	preG.hand[player2][2] = copper;
        -:  194:	preG.hand[player2][3] = tribute;
        -:  195:	preG.hand[player2][4] = copper;*/
        -:  196:
        1:  197:    preG.deckCount[player2] = 5;
        1:  198:    preG.discardCount[player2] = 0;
        1:  199:    preG.handCount[player2] = 0;
        -:  200:
        1:  201:    memcpy(&postG, &preG, sizeof(struct gameState));
        1:  202:    cardsDiscarded = 0;
        1:  203:    buysGained = 0;
        1:  204:    coinsGained = 2;
        1:  205:    actionsGained = 2;
        1:  206:    cardsGained = 0;
        1:  207:	tributeLogic(&postG, player1, player2);
        -:  208:
        1:  209:    universalTest(&preG, &postG, cardsDiscarded, cardsGained, buysGained, coinsGained, actionsGained, player1);
        -:  210:
        1:  211:    ASSERT(preG.handCount[player2] - 2 == postG.handCount[player2]);
        -:  212:
        -:  213:/*
        -:  214:    test 5: player2 has a hand of five cards (copper, copper)
        -:  215:    expect: player1 gains +2 coins; player2 loses two cards (?)
        -:  216:*/
        1:  217:    printf("\n\nTest 5:\n");
        -:  218:
        1:  219:    preG.hand[player1][0] = minion;
        1:  220:	preG.hand[player1][1] = copper;
        1:  221:	preG.hand[player1][2] = tribute;
        1:  222:	preG.hand[player1][3] = estate;
        1:  223:	preG.hand[player1][4] = mine;
        -:  224:
        1:  225:    preG.deck[player2][0] = copper;
        1:  226:	preG.deck[player2][1] = copper;
        1:  227:	preG.deck[player2][2] = tribute;
        1:  228:	preG.deck[player2][3] = estate;
        1:  229:	preG.deck[player2][4] = mine;
        -:  230:
        1:  231:    memcpy(&postG, &preG, sizeof(struct gameState));
        1:  232:    cardsDiscarded = 0;
        1:  233:    buysGained = 0;
        1:  234:    coinsGained = 2;
        1:  235:    actionsGained = 0;
        1:  236:    cardsGained = 0;
        1:  237:	tributeLogic(&postG, player1, player2);
        -:  238:
        1:  239:    universalTest(&preG, &postG, cardsDiscarded, cardsGained, buysGained, coinsGained, actionsGained, player1);
        -:  240:    /*ASSERT(preG.handCount[player1] + cardsGained - cardsDiscarded == postG.handCount[player1]);
        -:  241:    ASSERT(preG.deckCount[player1] - cardsGained == postG.deckCount[player1]);
        -:  242:    ASSERT(preG.coins + coinsGained == postG.coins);
        -:  243:    ASSERT(preG.numActions + actionsGained == postG.numActions);*/
        -:  244:
        1:  245:    ASSERT(preG.handCount[player2] - 2 == postG.handCount[player2]);
        -:  246:
        1:  247:        printf("\n\n---------------------------------End Testing Tribute--------------------------\n\n");
        -:  248:
        1:  249:    return 0;
        -:  250:}
