        -:    0:Source:unittestbug3.c
        -:    0:Graph:unittestbug3.gcno
        -:    0:Data:unittestbug3.gcda
        -:    0:Runs:1
        -:    0:Programs:1
        -:    1:#include "dominion.h"
        -:    2:#include "dominion_helpers.h"
        -:    3:#include <string.h>
        -:    4:#include <stdio.h>
        -:    5:#include "rngs.h"
        -:    6:#include "custom_assert.h"
        -:    7:
        1:    8:int main()
        -:    9:{
        1:   10:    int seed = 1000;
        1:   11:    int numPlayers = 2;
        1:   12:    int thisPlayer = 0;
        -:   13:	struct gameState preG, postG;
        1:   14:	int k[10] = {adventurer, embargo, village, minion, mine, cutpurse,
        -:   15:			sea_hag, baron, smithy, council_room};
        -:   16:
        1:   17:    printf("\n\n-------------Testing Bug 3---------\n\n");
        1:   18:    initializeGame(numPlayers, k, seed, &preG);
        -:   19:
        -:   20:/* 
        -:   21:    test 1: call remodel case, trash adventurer and gain feast
        -:   22:    expect: to not gain the feast
        -:   23:*/
        1:   24:    printf("\n\nTest 1:\n");
        -:   25:
        1:   26:    preG.handCount[thisPlayer] = 5;
        1:   27:    preG.hand[thisPlayer][0] = adventurer;
        1:   28:	preG.hand[thisPlayer][1] = remodel;
        1:   29:	preG.hand[thisPlayer][2] = duchy;
        1:   30:	preG.hand[thisPlayer][3] = estate;
        1:   31:	preG.hand[thisPlayer][4] = copper;
        -:   32:
        1:   33:    preG.discardCount[thisPlayer] = 0;
        1:   34:    preG.deckCount[thisPlayer] = 0;
        -:   35:
        1:   36:    preG.playedCardCount = 0;
        -:   37:
        1:   38:    preG.supplyCount[9] = 10;
        -:   39:
        1:   40:    memcpy(&postG, &preG, sizeof(struct gameState));
        1:   41:	cardEffect(12, 0, 9, 0, &postG, 1, 0);
        -:   42:
        1:   43:    printf("\nCards in Discard pile:\n");
        1:   44:    printf("before: %d, after: %d\n", preG.discardCount[thisPlayer], postG.discardCount[thisPlayer]);
        1:   45:    ASSERT(preG.discardCount[thisPlayer] + 2 == postG.discardCount[thisPlayer]);
        -:   46:
        1:   47:    printf("\n\n-------------End Testing Bug 3---------------\n\n");
        -:   48:
        1:   49:    return 0;
        -:   50:}
