        -:    0:Source:unittestbug4.c
        -:    0:Graph:unittestbug4.gcno
        -:    0:Data:unittestbug4.gcda
        -:    0:Runs:1
        -:    0:Programs:1
        -:    1:#include "dominion.h"
        -:    2:#include "dominion_helpers.h"
        -:    3:#include <string.h>
        -:    4:#include <stdio.h>
        -:    5:#include "rngs.h"
        -:    6:#include "custom_assert.h"
        -:    7:
        1:    8:int main()
        -:    9:{
        1:   10:    int seed = 1000;
        1:   11:    int numPlayers = 2;
        -:   12:	struct gameState preG, postG;
        1:   13:	int k[10] = {adventurer, embargo, village, minion, mine, cutpurse,
        -:   14:			sea_hag, baron, smithy, council_room};
        -:   15:
        1:   16:    printf("\n\n-------------Testing Bug 4---------\n\n");
        1:   17:    initializeGame(numPlayers, k, seed, &preG);
        -:   18:
        -:   19:/* 
        -:   20:    test 1: call isGameOver function with three things set to zero
        -:   21:    expect: to not get a gameover
        -:   22:*/
        1:   23:    printf("\n\nTest 1:\n");
        -:   24:
      109:   25:    for(int i = 0; i < sizeof(preG.supplyCount); i++)
        -:   26:    {
      108:   27:        preG.supplyCount[i] = 10;
        -:   28:    }
        -:   29:
        1:   30:    preG.supplyCount[26] = 0;
        1:   31:    preG.supplyCount[0] = 0;
        1:   32:    preG.supplyCount[1] = 0;
        -:   33:
        1:   34:    memcpy(&postG, &preG, sizeof(struct gameState));
        -:   35:    
        1:   36:	ASSERT(isGameOver(&postG) == 1);
        -:   37:
        1:   38:    printf("\n\n-------------End Testing Bug 4---------------\n\n");
        -:   39:
        1:   40:    return 0;
        -:   41:}
