        -:    0:Source:unittestbug2.c
        -:    0:Graph:unittestbug2.gcno
        -:    0:Data:unittestbug2.gcda
        -:    0:Runs:1
        -:    0:Programs:1
        -:    1:#include "dominion.h"
        -:    2:#include "dominion_helpers.h"
        -:    3:#include <string.h>
        -:    4:#include <stdio.h>
        -:    5:#include "rngs.h"
        -:    6:#include "custom_assert.h"
        -:    7:
        1:    8:int main()
        -:    9:{
        1:   10:    int seed = 1000;
        1:   11:    int numPlayers = 2;
        1:   12:    int thisPlayer = 0;
        -:   13:	struct gameState preG, postG;
        1:   14:	int k[10] = {adventurer, embargo, village, minion, mine, cutpurse,
        -:   15:			sea_hag, baron, smithy, council_room};
        -:   16:
        1:   17:    printf("\n\n-------------Testing Bug 2---------\n\n");
        1:   18:    initializeGame(numPlayers, k, seed, &preG);
        -:   19:
        -:   20:/* 
        -:   21:    test 1: call mine case, trash silver and gain copper
        -:   22:    expect: to not gain the copper
        -:   23:*/
        1:   24:    printf("\n\nTest 1:\n");
        -:   25:
        1:   26:    preG.handCount[thisPlayer] = 5;
        1:   27:    preG.hand[thisPlayer][0] = silver;
        1:   28:	preG.hand[thisPlayer][1] = mine;
        1:   29:	preG.hand[thisPlayer][2] = duchy;
        1:   30:	preG.hand[thisPlayer][3] = estate;
        1:   31:	preG.hand[thisPlayer][4] = feast;
        -:   32:
        1:   33:    preG.discardCount[thisPlayer] = 0;
        1:   34:    preG.deckCount[thisPlayer] = 0;
        -:   35:
        1:   36:    preG.playedCardCount = 0;
        -:   37:
        1:   38:    memcpy(&postG, &preG, sizeof(struct gameState));
        1:   39:	cardEffect(11, 0, 4, 0, &postG, 1, 0);
        1:   40:    updateCoins(thisPlayer, &postG, 0);
        -:   41:
        1:   42:    printf("\nCoins:\n");
        1:   43:    printf("before: %d, after: %d\n", preG.coins, postG.coins);
        1:   44:    ASSERT(preG.coins - getCost(silver) + getCost(copper) == postG.coins);
        -:   45:
        1:   46:    printf("\n\n-------------End Testing Bug 2---------------\n\n");
        -:   47:
        1:   48:    return 0;
        -:   49:}
