        -:    0:Source:unittest1.c
        -:    0:Graph:unittest1.gcno
        -:    0:Data:unittest1.gcda
        -:    0:Runs:1
        -:    0:Programs:1
        -:    1://NEED TO ZERO OUT GAME STRUCTS AFTER USING THEM!!
        -:    2:#include "dominion.h"
        -:    3:#include "dominion_helpers.h"
        -:    4:#include <string.h>
        -:    5:#include <stdio.h>
        -:    6:#include "rngs.h"
        -:    7:#include "custom_assert.h"
        -:    8:
        -:    9:/*
        -:   10:    test 1: get rid of estate and have one in hand
        -:   11:    test 2: get rid of estate, but not have one in hand
        -:   12:    test 3: gain an estate
        -:   13:    test 4: try to gain an estate, but negative amount of estates in supply
        -:   14:*/
        -:   15:
        4:   16:int universalTest(struct gameState *pre, struct gameState *post, int discarded, int cardsGained, int buysGained, int coinsGained, int actionsGained, int player)
        -:   17:{
        4:   18:    printf("Number buys:\n");
        4:   19:    ASSERT((pre->numBuys + buysGained) == post->numBuys);
        4:   20:    printf("\texpected = %d, actual = %d\n", pre->numBuys + buysGained, post->numBuys);
        -:   21:
        4:   22:    printf("Number Actions:\n");
        4:   23:    ASSERT(post->numActions == pre->numActions + actionsGained);
        4:   24:    printf("\texpected = %d, actual = %d\n", pre->numActions + actionsGained, post->numActions);
        -:   25:
        4:   26:    printf("Number coins:\n");
        4:   27:    ASSERT((pre->coins + coinsGained) == post->coins);
        4:   28:    printf("\texpected = %d, actual = %d\n", pre->coins + coinsGained, post->coins);
        -:   29:
        4:   30:    printf("Hand count:\n");
        4:   31:    ASSERT(post->handCount[player] == pre->handCount[player] - discarded + cardsGained);
        4:   32:    printf("\texpected = %d, actual = %d\n", pre->handCount[player] - discarded + cardsGained, post->handCount[player]);
        -:   33:
        4:   34:    return 0;
        -:   35:}
        -:   36:
        1:   37:int main()
        -:   38:{
        1:   39:    int cardsGained = 0;
        1:   40:    int discarded = 0;
        1:   41:    int coinsGained = 0;
        1:   42:    int buysGained = 0;
        1:   43:    int actionsGained = 0;
        -:   44:
        1:   45:    int choice1 = 0;
        1:   46:    int seed = 1000;
        1:   47:    int numPlayers = 2;
        1:   48:    int thisPlayer = 0;
        1:   49:    int nextPlayer = 1;
        -:   50:	struct gameState preG, postG;
        1:   51:	int k[10] = {adventurer, embargo, village, minion, mine, cutpurse,
        -:   52:			sea_hag, baron, smithy, council_room};
        -:   53:
        1:   54:    printf("\n\n-------------Testing Baron---------\n\n");
        1:   55:    initializeGame(numPlayers, k, seed, &preG);
        -:   56:
        -:   57:/* 
        -:   58:    test 1: get rid of estate and have one in hand
        -:   59:    expect: to get rid of estate and gain +4 coins 
        -:   60:*/
        1:   61:    printf("\n\nTest 1:\n");
        -:   62:
        -:   63:    //set players hand
        1:   64:    preG.hand[thisPlayer][0] = steward;
        1:   65:	preG.hand[thisPlayer][1] = copper;
        1:   66:	preG.hand[thisPlayer][2] = duchy;
        1:   67:	preG.hand[thisPlayer][3] = estate;
        1:   68:	preG.hand[thisPlayer][4] = feast;
        -:   69:
        1:   70:    memcpy(&postG, &preG, sizeof(struct gameState));
        1:   71:	choice1 = 1;
        1:   72:    discarded = 1;
        1:   73:    buysGained = 1;
        1:   74:    coinsGained = 4;
        1:   75:    actionsGained = 0;
        1:   76:    cardsGained = 0;
        1:   77:	card_baron(choice1, &postG, thisPlayer, nextPlayer);
        -:   78:
        1:   79:    universalTest(&preG, &postG, discarded, cardsGained, buysGained, coinsGained, actionsGained, thisPlayer);
        5:   80:    for(int i = 0; i < postG.handCount[thisPlayer]; i++)
        -:   81:    {
        4:   82:        ASSERT(postG.hand[thisPlayer][i] != estate);
        4:   83:        if(postG.hand[thisPlayer][i] == estate)
        -:   84:        {
    #####:   85:            printf("estate found in hand at %d\n", i);
        -:   86:        }
        -:   87:    }
        -:   88:
        -:   89:/* 
        -:   90:    test 2: get rid of estate, but not have one in hand
        -:   91:    expect: gain an estate
        -:   92:*/
        1:   93:    printf("\n\nTest 2:\n");
        -:   94:
        -:   95:    //set player hand with no estate
        1:   96:    preG.hand[thisPlayer][0] = steward;
        1:   97:	preG.hand[thisPlayer][1] = copper;
        1:   98:	preG.hand[thisPlayer][2] = duchy;
        1:   99:	preG.hand[thisPlayer][3] = feast;
        1:  100:    preG.handCount[thisPlayer] = 4;
        -:  101:
        1:  102:    memcpy(&postG, &preG, sizeof(struct gameState));
        1:  103:	choice1 = 1;
        1:  104:    discarded = 0;
        1:  105:    buysGained = 1;
        1:  106:    coinsGained = 0;
        1:  107:    actionsGained = 0;
        1:  108:    cardsGained = 1;
        1:  109:	card_baron(choice1, &postG, thisPlayer, nextPlayer);
        1:  110:    printf("postG: %d\n", postG.numBuys);
        -:  111:
        1:  112:    universalTest(&preG, &postG, discarded, cardsGained, buysGained, coinsGained, actionsGained, thisPlayer);
        -:  113:
        -:  114:    //the player should gain an estate at the highest hand pos
        1:  115:    ASSERT(postG.hand[thisPlayer][preG.handCount[thisPlayer] + 1] == estate);
        -:  116:
        -:  117:/* 
        -:  118:    test 3:
        -:  119:    to what happens when player chooses to gain an estate 
        -:  120:*/
        1:  121:    printf("\n\nTest 3:\n");
        -:  122:
        -:  123:    //set players hand
        1:  124:    preG.hand[thisPlayer][0] = steward;
        1:  125:	preG.hand[thisPlayer][1] = copper;
        1:  126:	preG.hand[thisPlayer][2] = duchy;
        1:  127:	preG.hand[thisPlayer][3] = feast;
        -:  128:
        1:  129:    memcpy(&postG, &preG, sizeof(struct gameState));
        1:  130:	choice1 = 0;
        1:  131:    discarded = 0;
        1:  132:    buysGained = 1;
        1:  133:    coinsGained = 0;
        1:  134:    actionsGained = 0;
        1:  135:    cardsGained = 1;
        1:  136:	card_baron(choice1, &postG, thisPlayer, nextPlayer);
        -:  137:
        1:  138:    universalTest(&preG, &postG, discarded, cardsGained, buysGained, coinsGained, actionsGained, thisPlayer);
        -:  139:
        1:  140:    ASSERT(postG.hand[thisPlayer][postG.handCount[thisPlayer]] == estate);
        -:  141:
        -:  142:/*
        -:  143:    test 4:
        -:  144:    expected: to not gain an estate card, everything stays the same, except you get +1 buys
        -:  145:*/
        1:  146:    printf("\n\nTest 4:\n");
        -:  147:
        1:  148:    preG.hand[thisPlayer][0] = steward;
        1:  149:	preG.hand[thisPlayer][1] = copper;
        1:  150:	preG.hand[thisPlayer][2] = duchy;
        1:  151:	preG.hand[thisPlayer][3] = estate;
        1:  152:	preG.hand[thisPlayer][4] = feast;
        1:  153:    preG.supplyCount[estate] = -1;
        1:  154:    preG.handCount[thisPlayer] = 5;
        -:  155:
        1:  156:    memcpy(&postG, &preG, sizeof(struct gameState));
        1:  157:	choice1 = 0;
        1:  158:    discarded = 0;
        1:  159:    buysGained = 1;
        1:  160:    coinsGained = 0;
        1:  161:    actionsGained = 0;
        1:  162:    cardsGained = 0;
        1:  163:	card_baron(choice1, &postG, thisPlayer, nextPlayer);
        -:  164:
        1:  165:    universalTest(&preG, &postG, discarded, cardsGained, buysGained, coinsGained, actionsGained, thisPlayer);
        -:  166:
        1:  167:    ASSERT(postG.supplyCount[estate] == preG.supplyCount[estate]);
        -:  168:
        1:  169:    printf("\n\n-------------End Testing Baron---------------\n\n");
        -:  170:
        1:  171:    return 0;
        -:  172:}
